Mar 28 22:25:36 k8s-node-master containerd[1936]: time="2025-03-28T22:25:36.802215905Z" level=info msg="Kill container \"2080e5fddd4b21069de9d93efae9ac39f20e1fe8246b34c332bc8152319a2cb8\""
Mar 28 22:25:36 k8s-node-master containerd[1936]: time="2025-03-28T22:25:36.843135450Z" level=info msg="received exit event container_id:\"2080e5fddd4b21069de9d93efae9ac39f20e1fe8246b34c332bc8152319a2cb8\"  id:\"2080e5fddd4b21069de9d93efae9ac39f20e1fe8246b34c332bc8152319a2cb8\"  pid:3702  exit_status:137  exited_at:{seconds:1743200736  nanos:842839077}"
Mar 28 22:25:36 k8s-node-master containerd[1936]: time="2025-03-28T22:25:36.867337235Z" level=info msg="shim disconnected" id=2080e5fddd4b21069de9d93efae9ac39f20e1fe8246b34c332bc8152319a2cb8 namespace=k8s.io
Mar 28 22:25:36 k8s-node-master containerd[1936]: time="2025-03-28T22:25:36.867388716Z" level=warning msg="cleaning up after shim disconnected" id=2080e5fddd4b21069de9d93efae9ac39f20e1fe8246b34c332bc8152319a2cb8 namespace=k8s.io
Mar 28 22:25:36 k8s-node-master containerd[1936]: time="2025-03-28T22:25:36.867397243Z" level=info msg="cleaning up dead shim" namespace=k8s.io
Mar 28 22:25:36 k8s-node-master containerd[1936]: time="2025-03-28T22:25:36.885619720Z" level=info msg="StopContainer for \"2080e5fddd4b21069de9d93efae9ac39f20e1fe8246b34c332bc8152319a2cb8\" returns successfully"
Mar 28 22:25:36 k8s-node-master containerd[1936]: time="2025-03-28T22:25:36.886195631Z" level=info msg="StopPodSandbox for \"9ae8f7b8d2ed08700bbb30137bbecf6a25b277c03f7eac6da3f3d188f75584bd\""
Mar 28 22:25:36 k8s-node-master containerd[1936]: time="2025-03-28T22:25:36.886324083Z" level=info msg="Container to stop \"2080e5fddd4b21069de9d93efae9ac39f20e1fe8246b34c332bc8152319a2cb8\" must be in running or unknown state, current state \"CONTAINER_EXITED\""
Mar 28 22:25:36 k8s-node-master containerd[1936]: time="2025-03-28T22:25:36.895380158Z" level=info msg="received exit event container_id:\"9ae8f7b8d2ed08700bbb30137bbecf6a25b277c03f7eac6da3f3d188f75584bd\"  id:\"9ae8f7b8d2ed08700bbb30137bbecf6a25b277c03f7eac6da3f3d188f75584bd\"  pid:3640  exit_status:137  exited_at:{seconds:1743200736  nanos:895192309}"
Mar 28 22:25:36 k8s-node-master containerd[1936]: time="2025-03-28T22:25:36.916948348Z" level=info msg="shim disconnected" id=9ae8f7b8d2ed08700bbb30137bbecf6a25b277c03f7eac6da3f3d188f75584bd namespace=k8s.io
Mar 28 22:25:36 k8s-node-master containerd[1936]: time="2025-03-28T22:25:36.917299738Z" level=warning msg="cleaning up after shim disconnected" id=9ae8f7b8d2ed08700bbb30137bbecf6a25b277c03f7eac6da3f3d188f75584bd namespace=k8s.io
Mar 28 22:25:36 k8s-node-master containerd[1936]: time="2025-03-28T22:25:36.917414935Z" level=info msg="cleaning up dead shim" namespace=k8s.io
Mar 28 22:25:36 k8s-node-master containerd[1936]: time="2025-03-28T22:25:36.930480468Z" level=info msg="TearDown network for sandbox \"9ae8f7b8d2ed08700bbb30137bbecf6a25b277c03f7eac6da3f3d188f75584bd\" successfully"
Mar 28 22:25:36 k8s-node-master containerd[1936]: time="2025-03-28T22:25:36.930684469Z" level=info msg="StopPodSandbox for \"9ae8f7b8d2ed08700bbb30137bbecf6a25b277c03f7eac6da3f3d188f75584bd\" returns successfully"
Mar 28 22:25:36 k8s-node-master containerd[1936]: time="2025-03-28T22:25:36.931287595Z" level=info msg="StopPodSandbox for \"ec12f03a07b417623204f22ba6d37d5463a3836553b9fd23131a623b97b48c2d\""
Mar 28 22:25:36 k8s-node-master containerd[1936]: time="2025-03-28T22:25:36.931387441Z" level=info msg="Container to stop \"b1a027f84e0e189619d9e8c95406e7793afdf9d4773bb234843aeffa8d63d95a\" must be in running or unknown state, current state \"CONTAINER_EXITED\""
Mar 28 22:25:36 k8s-node-master containerd[1936]: time="2025-03-28T22:25:36.931527265Z" level=info msg="TearDown network for sandbox \"ec12f03a07b417623204f22ba6d37d5463a3836553b9fd23131a623b97b48c2d\" successfully"
Mar 28 22:25:36 k8s-node-master containerd[1936]: time="2025-03-28T22:25:36.931617833Z" level=info msg="StopPodSandbox for \"ec12f03a07b417623204f22ba6d37d5463a3836553b9fd23131a623b97b48c2d\" returns successfully"
Mar 28 22:25:37 k8s-node-master containerd[1936]: time="2025-03-28T22:25:37.693583180Z" level=info msg="StopPodSandbox for \"9ae8f7b8d2ed08700bbb30137bbecf6a25b277c03f7eac6da3f3d188f75584bd\""
Mar 28 22:25:37 k8s-node-master containerd[1936]: time="2025-03-28T22:25:37.693638849Z" level=info msg="Container to stop \"2080e5fddd4b21069de9d93efae9ac39f20e1fe8246b34c332bc8152319a2cb8\" must be in running or unknown state, current state \"CONTAINER_EXITED\""
Mar 28 22:25:37 k8s-node-master containerd[1936]: time="2025-03-28T22:25:37.693783293Z" level=info msg="TearDown network for sandbox \"9ae8f7b8d2ed08700bbb30137bbecf6a25b277c03f7eac6da3f3d188f75584bd\" successfully"
Mar 28 22:25:37 k8s-node-master containerd[1936]: time="2025-03-28T22:25:37.693800757Z" level=info msg="StopPodSandbox for \"9ae8f7b8d2ed08700bbb30137bbecf6a25b277c03f7eac6da3f3d188f75584bd\" returns successfully"
Mar 28 22:25:37 k8s-node-master containerd[1936]: time="2025-03-28T22:25:37.694710615Z" level=info msg="StopPodSandbox for \"ec12f03a07b417623204f22ba6d37d5463a3836553b9fd23131a623b97b48c2d\""
Mar 28 22:25:37 k8s-node-master containerd[1936]: time="2025-03-28T22:25:37.694745193Z" level=info msg="Container to stop \"b1a027f84e0e189619d9e8c95406e7793afdf9d4773bb234843aeffa8d63d95a\" must be in running or unknown state, current state \"CONTAINER_EXITED\""
Mar 28 22:25:37 k8s-node-master containerd[1936]: time="2025-03-28T22:25:37.694804429Z" level=info msg="TearDown network for sandbox \"ec12f03a07b417623204f22ba6d37d5463a3836553b9fd23131a623b97b48c2d\" successfully"
Mar 28 22:25:37 k8s-node-master containerd[1936]: time="2025-03-28T22:25:37.694814709Z" level=info msg="StopPodSandbox for \"ec12f03a07b417623204f22ba6d37d5463a3836553b9fd23131a623b97b48c2d\" returns successfully"
Mar 28 22:25:37 k8s-node-master containerd[1936]: time="2025-03-28T22:25:37.695309130Z" level=info msg="RemoveContainer for \"b1a027f84e0e189619d9e8c95406e7793afdf9d4773bb234843aeffa8d63d95a\""
Mar 28 22:25:37 k8s-node-master containerd[1936]: time="2025-03-28T22:25:37.695515316Z" level=info msg="RunPodSandbox for &PodSandboxMetadata{Name:kube-apiserver-k8s-node-master,Uid:084ed5b31954571ec53b94fa27be1baa,Namespace:kube-system,Attempt:2,}"
Mar 28 22:25:37 k8s-node-master containerd[1936]: time="2025-03-28T22:25:37.701462761Z" level=info msg="RemoveContainer for \"b1a027f84e0e189619d9e8c95406e7793afdf9d4773bb234843aeffa8d63d95a\" returns successfully"
Mar 28 22:25:37 k8s-node-master containerd[1936]: time="2025-03-28T22:25:37.724530952Z" level=info msg="loading plugin \"io.containerd.event.v1.publisher\"..." runtime=io.containerd.runc.v2 type=io.containerd.event.v1
Mar 28 22:25:37 k8s-node-master containerd[1936]: time="2025-03-28T22:25:37.724655417Z" level=info msg="loading plugin \"io.containerd.internal.v1.shutdown\"..." runtime=io.containerd.runc.v2 type=io.containerd.internal.v1
Mar 28 22:25:37 k8s-node-master containerd[1936]: time="2025-03-28T22:25:37.724698311Z" level=info msg="loading plugin \"io.containerd.ttrpc.v1.task\"..." runtime=io.containerd.runc.v2 type=io.containerd.ttrpc.v1
Mar 28 22:25:37 k8s-node-master containerd[1936]: time="2025-03-28T22:25:37.724936238Z" level=info msg="loading plugin \"io.containerd.ttrpc.v1.pause\"..." runtime=io.containerd.runc.v2 type=io.containerd.ttrpc.v1
Mar 28 22:25:37 k8s-node-master containerd[1936]: time="2025-03-28T22:25:37.772319541Z" level=info msg="RunPodSandbox for &PodSandboxMetadata{Name:kube-apiserver-k8s-node-master,Uid:084ed5b31954571ec53b94fa27be1baa,Namespace:kube-system,Attempt:2,} returns sandbox id \"c15d43864743d6444eeddb83a673058fbacbd9fee431bfa199a0f2092e053cc8\""
Mar 28 22:25:45 k8s-node-master containerd[1936]: time="2025-03-28T22:25:45.794822770Z" level=info msg="CreateContainer within sandbox \"2f1aa3737d9b9b28c2657892ae23bce7f60ce57d7fc07939994b69ab5c6cc115\" for container &ContainerMetadata{Name:kube-controller-manager,Attempt:3,}"
Mar 28 22:25:45 k8s-node-master containerd[1936]: time="2025-03-28T22:25:45.813837539Z" level=info msg="CreateContainer within sandbox \"2f1aa3737d9b9b28c2657892ae23bce7f60ce57d7fc07939994b69ab5c6cc115\" for &ContainerMetadata{Name:kube-controller-manager,Attempt:3,} returns container id \"7c2883c98ff3477d38b9787c0644f65a9bf0af9814cc9ea2f221bda385786f0b\""
Mar 28 22:25:45 k8s-node-master containerd[1936]: time="2025-03-28T22:25:45.814709560Z" level=info msg="StartContainer for \"7c2883c98ff3477d38b9787c0644f65a9bf0af9814cc9ea2f221bda385786f0b\""
Mar 28 22:25:45 k8s-node-master containerd[1936]: time="2025-03-28T22:25:45.875096323Z" level=info msg="StartContainer for \"7c2883c98ff3477d38b9787c0644f65a9bf0af9814cc9ea2f221bda385786f0b\" returns successfully"
Mar 28 22:25:55 k8s-node-master containerd[1936]: time="2025-03-28T22:25:55.794724146Z" level=info msg="CreateContainer within sandbox \"c15d43864743d6444eeddb83a673058fbacbd9fee431bfa199a0f2092e053cc8\" for container &ContainerMetadata{Name:kube-apiserver,Attempt:2,}"
Mar 28 22:25:55 k8s-node-master containerd[1936]: time="2025-03-28T22:25:55.813970301Z" level=info msg="CreateContainer within sandbox \"c15d43864743d6444eeddb83a673058fbacbd9fee431bfa199a0f2092e053cc8\" for &ContainerMetadata{Name:kube-apiserver,Attempt:2,} returns container id \"0a11e9ba5b758c96300bc81f8989586ffea6d5420d8ae8c8818f7d12dfc900ea\""
Mar 28 22:25:55 k8s-node-master containerd[1936]: time="2025-03-28T22:25:55.814592010Z" level=info msg="StartContainer for \"0a11e9ba5b758c96300bc81f8989586ffea6d5420d8ae8c8818f7d12dfc900ea\""
Mar 28 22:25:55 k8s-node-master containerd[1936]: time="2025-03-28T22:25:55.872762663Z" level=info msg="StartContainer for \"0a11e9ba5b758c96300bc81f8989586ffea6d5420d8ae8c8818f7d12dfc900ea\" returns successfully"
Mar 28 22:26:00 k8s-node-master containerd[1936]: time="2025-03-28T22:26:00.849331677Z" level=info msg="StopPodSandbox for \"1cfc0bca5d3bad327fc4e16682884661683fc6adf6750db6d36dc2f17ed88893\""
Mar 28 22:26:00 k8s-node-master containerd[1936]: time="2025-03-28T22:26:00.849417305Z" level=info msg="TearDown network for sandbox \"1cfc0bca5d3bad327fc4e16682884661683fc6adf6750db6d36dc2f17ed88893\" successfully"
Mar 28 22:26:00 k8s-node-master containerd[1936]: time="2025-03-28T22:26:00.849457965Z" level=info msg="StopPodSandbox for \"1cfc0bca5d3bad327fc4e16682884661683fc6adf6750db6d36dc2f17ed88893\" returns successfully"
Mar 28 22:26:00 k8s-node-master containerd[1936]: time="2025-03-28T22:26:00.849675911Z" level=info msg="RemovePodSandbox for \"1cfc0bca5d3bad327fc4e16682884661683fc6adf6750db6d36dc2f17ed88893\""
Mar 28 22:26:00 k8s-node-master containerd[1936]: time="2025-03-28T22:26:00.849696923Z" level=info msg="Forcibly stopping sandbox \"1cfc0bca5d3bad327fc4e16682884661683fc6adf6750db6d36dc2f17ed88893\""
Mar 28 22:26:00 k8s-node-master containerd[1936]: time="2025-03-28T22:26:00.849744105Z" level=info msg="TearDown network for sandbox \"1cfc0bca5d3bad327fc4e16682884661683fc6adf6750db6d36dc2f17ed88893\" successfully"
Mar 28 22:26:00 k8s-node-master containerd[1936]: time="2025-03-28T22:26:00.853373004Z" level=warning msg="Failed to get podSandbox status for container event for sandboxID \"1cfc0bca5d3bad327fc4e16682884661683fc6adf6750db6d36dc2f17ed88893\": an error occurred when try to find sandbox: not found. Sending the event with nil podSandboxStatus."
Mar 28 22:26:00 k8s-node-master containerd[1936]: time="2025-03-28T22:26:00.853406760Z" level=info msg="RemovePodSandbox \"1cfc0bca5d3bad327fc4e16682884661683fc6adf6750db6d36dc2f17ed88893\" returns successfully"
Mar 28 22:26:00 k8s-node-master containerd[1936]: time="2025-03-28T22:26:00.853693412Z" level=info msg="StopPodSandbox for \"ec12f03a07b417623204f22ba6d37d5463a3836553b9fd23131a623b97b48c2d\""
Mar 28 22:26:00 k8s-node-master containerd[1936]: time="2025-03-28T22:26:00.853755483Z" level=info msg="TearDown network for sandbox \"ec12f03a07b417623204f22ba6d37d5463a3836553b9fd23131a623b97b48c2d\" successfully"
Mar 28 22:26:00 k8s-node-master containerd[1936]: time="2025-03-28T22:26:00.853766284Z" level=info msg="StopPodSandbox for \"ec12f03a07b417623204f22ba6d37d5463a3836553b9fd23131a623b97b48c2d\" returns successfully"
Mar 28 22:26:00 k8s-node-master containerd[1936]: time="2025-03-28T22:26:00.854057955Z" level=info msg="RemovePodSandbox for \"ec12f03a07b417623204f22ba6d37d5463a3836553b9fd23131a623b97b48c2d\""
Mar 28 22:26:00 k8s-node-master containerd[1936]: time="2025-03-28T22:26:00.854081622Z" level=info msg="Forcibly stopping sandbox \"ec12f03a07b417623204f22ba6d37d5463a3836553b9fd23131a623b97b48c2d\""
Mar 28 22:26:00 k8s-node-master containerd[1936]: time="2025-03-28T22:26:00.854121080Z" level=info msg="TearDown network for sandbox \"ec12f03a07b417623204f22ba6d37d5463a3836553b9fd23131a623b97b48c2d\" successfully"
Mar 28 22:26:00 k8s-node-master containerd[1936]: time="2025-03-28T22:26:00.857871947Z" level=warning msg="Failed to get podSandbox status for container event for sandboxID \"ec12f03a07b417623204f22ba6d37d5463a3836553b9fd23131a623b97b48c2d\": an error occurred when try to find sandbox: not found. Sending the event with nil podSandboxStatus."
Mar 28 22:26:00 k8s-node-master containerd[1936]: time="2025-03-28T22:26:00.857926685Z" level=info msg="RemovePodSandbox \"ec12f03a07b417623204f22ba6d37d5463a3836553b9fd23131a623b97b48c2d\" returns successfully"
Mar 28 22:26:01 k8s-node-master containerd[1936]: time="2025-03-28T22:26:01.045682424Z" level=info msg="StopContainer for \"0a11e9ba5b758c96300bc81f8989586ffea6d5420d8ae8c8818f7d12dfc900ea\" with timeout 30 (s)"
Mar 28 22:26:01 k8s-node-master containerd[1936]: time="2025-03-28T22:26:01.046205568Z" level=info msg="Stop container \"0a11e9ba5b758c96300bc81f8989586ffea6d5420d8ae8c8818f7d12dfc900ea\" with signal terminated"
Mar 28 22:26:31 k8s-node-master containerd[1936]: time="2025-03-28T22:26:31.053114884Z" level=info msg="Kill container \"0a11e9ba5b758c96300bc81f8989586ffea6d5420d8ae8c8818f7d12dfc900ea\""
Mar 28 22:26:31 k8s-node-master containerd[1936]: time="2025-03-28T22:26:31.085962768Z" level=info msg="received exit event container_id:\"0a11e9ba5b758c96300bc81f8989586ffea6d5420d8ae8c8818f7d12dfc900ea\"  id:\"0a11e9ba5b758c96300bc81f8989586ffea6d5420d8ae8c8818f7d12dfc900ea\"  pid:6270  exit_status:137  exited_at:{seconds:1743200791  nanos:85535694}"
Mar 28 22:26:31 k8s-node-master containerd[1936]: time="2025-03-28T22:26:31.113239934Z" level=info msg="shim disconnected" id=0a11e9ba5b758c96300bc81f8989586ffea6d5420d8ae8c8818f7d12dfc900ea namespace=k8s.io
Mar 28 22:26:31 k8s-node-master containerd[1936]: time="2025-03-28T22:26:31.113360128Z" level=warning msg="cleaning up after shim disconnected" id=0a11e9ba5b758c96300bc81f8989586ffea6d5420d8ae8c8818f7d12dfc900ea namespace=k8s.io
Mar 28 22:26:31 k8s-node-master containerd[1936]: time="2025-03-28T22:26:31.113373645Z" level=info msg="cleaning up dead shim" namespace=k8s.io
Mar 28 22:26:31 k8s-node-master containerd[1936]: time="2025-03-28T22:26:31.130680750Z" level=info msg="StopContainer for \"0a11e9ba5b758c96300bc81f8989586ffea6d5420d8ae8c8818f7d12dfc900ea\" returns successfully"
Mar 28 22:26:31 k8s-node-master containerd[1936]: time="2025-03-28T22:26:31.131914901Z" level=info msg="StopPodSandbox for \"c15d43864743d6444eeddb83a673058fbacbd9fee431bfa199a0f2092e053cc8\""
Mar 28 22:26:31 k8s-node-master containerd[1936]: time="2025-03-28T22:26:31.131954398Z" level=info msg="Container to stop \"0a11e9ba5b758c96300bc81f8989586ffea6d5420d8ae8c8818f7d12dfc900ea\" must be in running or unknown state, current state \"CONTAINER_EXITED\""
Mar 28 22:26:31 k8s-node-master containerd[1936]: time="2025-03-28T22:26:31.164429524Z" level=info msg="received exit event container_id:\"c15d43864743d6444eeddb83a673058fbacbd9fee431bfa199a0f2092e053cc8\"  id:\"c15d43864743d6444eeddb83a673058fbacbd9fee431bfa199a0f2092e053cc8\"  pid:6174  exit_status:137  exited_at:{seconds:1743200791  nanos:163932062}"
Mar 28 22:26:31 k8s-node-master containerd[1936]: time="2025-03-28T22:26:31.189172280Z" level=info msg="shim disconnected" id=c15d43864743d6444eeddb83a673058fbacbd9fee431bfa199a0f2092e053cc8 namespace=k8s.io
Mar 28 22:26:31 k8s-node-master containerd[1936]: time="2025-03-28T22:26:31.189238420Z" level=warning msg="cleaning up after shim disconnected" id=c15d43864743d6444eeddb83a673058fbacbd9fee431bfa199a0f2092e053cc8 namespace=k8s.io
Mar 28 22:26:31 k8s-node-master containerd[1936]: time="2025-03-28T22:26:31.189252016Z" level=info msg="cleaning up dead shim" namespace=k8s.io
Mar 28 22:26:31 k8s-node-master containerd[1936]: time="2025-03-28T22:26:31.202405712Z" level=info msg="TearDown network for sandbox \"c15d43864743d6444eeddb83a673058fbacbd9fee431bfa199a0f2092e053cc8\" successfully"
Mar 28 22:26:31 k8s-node-master containerd[1936]: time="2025-03-28T22:26:31.202439077Z" level=info msg="StopPodSandbox for \"c15d43864743d6444eeddb83a673058fbacbd9fee431bfa199a0f2092e053cc8\" returns successfully"
Mar 28 22:26:31 k8s-node-master containerd[1936]: time="2025-03-28T22:26:31.203131730Z" level=info msg="StopPodSandbox for \"9ae8f7b8d2ed08700bbb30137bbecf6a25b277c03f7eac6da3f3d188f75584bd\""
Mar 28 22:26:31 k8s-node-master containerd[1936]: time="2025-03-28T22:26:31.203190675Z" level=info msg="Container to stop \"2080e5fddd4b21069de9d93efae9ac39f20e1fe8246b34c332bc8152319a2cb8\" must be in running or unknown state, current state \"CONTAINER_EXITED\""
Mar 28 22:26:31 k8s-node-master containerd[1936]: time="2025-03-28T22:26:31.203277494Z" level=info msg="TearDown network for sandbox \"9ae8f7b8d2ed08700bbb30137bbecf6a25b277c03f7eac6da3f3d188f75584bd\" successfully"
Mar 28 22:26:31 k8s-node-master containerd[1936]: time="2025-03-28T22:26:31.203293636Z" level=info msg="StopPodSandbox for \"9ae8f7b8d2ed08700bbb30137bbecf6a25b277c03f7eac6da3f3d188f75584bd\" returns successfully"
Mar 28 22:26:31 k8s-node-master containerd[1936]: time="2025-03-28T22:26:31.203787741Z" level=info msg="StopPodSandbox for \"ec12f03a07b417623204f22ba6d37d5463a3836553b9fd23131a623b97b48c2d\""
Mar 28 22:26:31 k8s-node-master containerd[1936]: time="2025-03-28T22:26:31.204034182Z" level=info msg="StopPodSandbox for \"ec12f03a07b417623204f22ba6d37d5463a3836553b9fd23131a623b97b48c2d\" returns successfully"
Mar 28 22:26:31 k8s-node-master containerd[1936]: time="2025-03-28T22:26:31.820178077Z" level=info msg="StopPodSandbox for \"c15d43864743d6444eeddb83a673058fbacbd9fee431bfa199a0f2092e053cc8\""
Mar 28 22:26:31 k8s-node-master containerd[1936]: time="2025-03-28T22:26:31.820245057Z" level=info msg="Container to stop \"0a11e9ba5b758c96300bc81f8989586ffea6d5420d8ae8c8818f7d12dfc900ea\" must be in running or unknown state, current state \"CONTAINER_EXITED\""
Mar 28 22:26:31 k8s-node-master containerd[1936]: time="2025-03-28T22:26:31.820461741Z" level=info msg="TearDown network for sandbox \"c15d43864743d6444eeddb83a673058fbacbd9fee431bfa199a0f2092e053cc8\" successfully"
Mar 28 22:26:31 k8s-node-master containerd[1936]: time="2025-03-28T22:26:31.820497461Z" level=info msg="StopPodSandbox for \"c15d43864743d6444eeddb83a673058fbacbd9fee431bfa199a0f2092e053cc8\" returns successfully"
Mar 28 22:26:31 k8s-node-master containerd[1936]: time="2025-03-28T22:26:31.821540768Z" level=info msg="StopPodSandbox for \"9ae8f7b8d2ed08700bbb30137bbecf6a25b277c03f7eac6da3f3d188f75584bd\""
Mar 28 22:26:31 k8s-node-master containerd[1936]: time="2025-03-28T22:26:31.821569304Z" level=info msg="Container to stop \"2080e5fddd4b21069de9d93efae9ac39f20e1fe8246b34c332bc8152319a2cb8\" must be in running or unknown state, current state \"CONTAINER_EXITED\""
Mar 28 22:26:31 k8s-node-master containerd[1936]: time="2025-03-28T22:26:31.821637997Z" level=info msg="TearDown network for sandbox \"9ae8f7b8d2ed08700bbb30137bbecf6a25b277c03f7eac6da3f3d188f75584bd\" successfully"
Mar 28 22:26:31 k8s-node-master containerd[1936]: time="2025-03-28T22:26:31.821648729Z" level=info msg="StopPodSandbox for \"9ae8f7b8d2ed08700bbb30137bbecf6a25b277c03f7eac6da3f3d188f75584bd\" returns successfully"
Mar 28 22:26:31 k8s-node-master containerd[1936]: time="2025-03-28T22:26:31.821864570Z" level=info msg="RemoveContainer for \"2080e5fddd4b21069de9d93efae9ac39f20e1fe8246b34c332bc8152319a2cb8\""
Mar 28 22:26:31 k8s-node-master containerd[1936]: time="2025-03-28T22:26:31.822249262Z" level=info msg="RunPodSandbox for &PodSandboxMetadata{Name:kube-apiserver-k8s-node-master,Uid:084ed5b31954571ec53b94fa27be1baa,Namespace:kube-system,Attempt:3,}"
Mar 28 22:26:31 k8s-node-master containerd[1936]: time="2025-03-28T22:26:31.825657156Z" level=info msg="RemoveContainer for \"2080e5fddd4b21069de9d93efae9ac39f20e1fe8246b34c332bc8152319a2cb8\" returns successfully"
Mar 28 22:26:31 k8s-node-master containerd[1936]: time="2025-03-28T22:26:31.843589684Z" level=info msg="loading plugin \"io.containerd.event.v1.publisher\"..." runtime=io.containerd.runc.v2 type=io.containerd.event.v1
Mar 28 22:26:31 k8s-node-master containerd[1936]: time="2025-03-28T22:26:31.843653769Z" level=info msg="loading plugin \"io.containerd.internal.v1.shutdown\"..." runtime=io.containerd.runc.v2 type=io.containerd.internal.v1
Mar 28 22:26:31 k8s-node-master containerd[1936]: time="2025-03-28T22:26:31.843668318Z" level=info msg="loading plugin \"io.containerd.ttrpc.v1.task\"..." runtime=io.containerd.runc.v2 type=io.containerd.ttrpc.v1
Mar 28 22:26:31 k8s-node-master containerd[1936]: time="2025-03-28T22:26:31.844216518Z" level=info msg="loading plugin \"io.containerd.ttrpc.v1.pause\"..." runtime=io.containerd.runc.v2 type=io.containerd.ttrpc.v1
Mar 28 22:26:31 k8s-node-master containerd[1936]: time="2025-03-28T22:26:31.888767765Z" level=info msg="RunPodSandbox for &PodSandboxMetadata{Name:kube-apiserver-k8s-node-master,Uid:084ed5b31954571ec53b94fa27be1baa,Namespace:kube-system,Attempt:3,} returns sandbox id \"1deeb167b02da985f6cb509c14cb844529c0d9a61e37b1ab14b375ff23d95a72\""
Mar 28 22:26:34 k8s-node-master containerd[1936]: time="2025-03-28T22:26:34.794944029Z" level=info msg="StopContainer for \"fb81a627a16b407d74c245bbae8c195089921e4dc0a540972992344b8d12a51a\" with timeout 30 (s)"
Mar 28 22:26:34 k8s-node-master containerd[1936]: time="2025-03-28T22:26:34.795402363Z" level=info msg="Stop container \"fb81a627a16b407d74c245bbae8c195089921e4dc0a540972992344b8d12a51a\" with signal terminated"
Mar 28 22:26:34 k8s-node-master containerd[1936]: time="2025-03-28T22:26:34.822164209Z" level=info msg="received exit event container_id:\"fb81a627a16b407d74c245bbae8c195089921e4dc0a540972992344b8d12a51a\"  id:\"fb81a627a16b407d74c245bbae8c195089921e4dc0a540972992344b8d12a51a\"  pid:6007  exit_status:2  exited_at:{seconds:1743200794  nanos:821125732}"
Mar 28 22:26:34 k8s-node-master containerd[1936]: time="2025-03-28T22:26:34.850366576Z" level=info msg="shim disconnected" id=fb81a627a16b407d74c245bbae8c195089921e4dc0a540972992344b8d12a51a namespace=k8s.io
Mar 28 22:26:34 k8s-node-master containerd[1936]: time="2025-03-28T22:26:34.850429358Z" level=warning msg="cleaning up after shim disconnected" id=fb81a627a16b407d74c245bbae8c195089921e4dc0a540972992344b8d12a51a namespace=k8s.io
Mar 28 22:26:34 k8s-node-master containerd[1936]: time="2025-03-28T22:26:34.850440500Z" level=info msg="cleaning up dead shim" namespace=k8s.io
Mar 28 22:26:34 k8s-node-master containerd[1936]: time="2025-03-28T22:26:34.867152746Z" level=info msg="StopContainer for \"fb81a627a16b407d74c245bbae8c195089921e4dc0a540972992344b8d12a51a\" returns successfully"
Mar 28 22:26:34 k8s-node-master containerd[1936]: time="2025-03-28T22:26:34.867742719Z" level=info msg="StopPodSandbox for \"697a715d44451e7397dc2a16c6e493ebfc8b31b5f4a630d8aab173c2b12a8280\""
Mar 28 22:26:34 k8s-node-master containerd[1936]: time="2025-03-28T22:26:34.867768769Z" level=info msg="Container to stop \"fb81a627a16b407d74c245bbae8c195089921e4dc0a540972992344b8d12a51a\" must be in running or unknown state, current state \"CONTAINER_EXITED\""
Mar 28 22:26:34 k8s-node-master containerd[1936]: time="2025-03-28T22:26:34.891876042Z" level=info msg="received exit event container_id:\"697a715d44451e7397dc2a16c6e493ebfc8b31b5f4a630d8aab173c2b12a8280\"  id:\"697a715d44451e7397dc2a16c6e493ebfc8b31b5f4a630d8aab173c2b12a8280\"  pid:5828  exit_status:137  exited_at:{seconds:1743200794  nanos:891632587}"
Mar 28 22:26:34 k8s-node-master containerd[1936]: time="2025-03-28T22:26:34.907161552Z" level=info msg="shim disconnected" id=697a715d44451e7397dc2a16c6e493ebfc8b31b5f4a630d8aab173c2b12a8280 namespace=k8s.io
Mar 28 22:26:34 k8s-node-master containerd[1936]: time="2025-03-28T22:26:34.907225457Z" level=warning msg="cleaning up after shim disconnected" id=697a715d44451e7397dc2a16c6e493ebfc8b31b5f4a630d8aab173c2b12a8280 namespace=k8s.io
Mar 28 22:26:34 k8s-node-master containerd[1936]: time="2025-03-28T22:26:34.907234385Z" level=info msg="cleaning up dead shim" namespace=k8s.io
Mar 28 22:26:34 k8s-node-master containerd[1936]: time="2025-03-28T22:26:34.917556255Z" level=info msg="TearDown network for sandbox \"697a715d44451e7397dc2a16c6e493ebfc8b31b5f4a630d8aab173c2b12a8280\" successfully"
Mar 28 22:26:34 k8s-node-master containerd[1936]: time="2025-03-28T22:26:34.917792917Z" level=info msg="StopPodSandbox for \"697a715d44451e7397dc2a16c6e493ebfc8b31b5f4a630d8aab173c2b12a8280\" returns successfully"
Mar 28 22:26:34 k8s-node-master containerd[1936]: time="2025-03-28T22:26:34.918306510Z" level=info msg="StopPodSandbox for \"628eb426de2d7645b0a64316357ace1d6c236d2cc40a6a8c6ba046947ffe349e\""
Mar 28 22:26:34 k8s-node-master containerd[1936]: time="2025-03-28T22:26:34.918334344Z" level=info msg="Container to stop \"358616b1ee23da8c6834453d124231df801d2e5b6e19e71c10be7e12930a28dc\" must be in running or unknown state, current state \"CONTAINER_EXITED\""
Mar 28 22:26:34 k8s-node-master containerd[1936]: time="2025-03-28T22:26:34.918408680Z" level=info msg="TearDown network for sandbox \"628eb426de2d7645b0a64316357ace1d6c236d2cc40a6a8c6ba046947ffe349e\" successfully"
Mar 28 22:26:34 k8s-node-master containerd[1936]: time="2025-03-28T22:26:34.918416595Z" level=info msg="StopPodSandbox for \"628eb426de2d7645b0a64316357ace1d6c236d2cc40a6a8c6ba046947ffe349e\" returns successfully"
Mar 28 22:26:35 k8s-node-master containerd[1936]: time="2025-03-28T22:26:35.831057632Z" level=info msg="StopPodSandbox for \"697a715d44451e7397dc2a16c6e493ebfc8b31b5f4a630d8aab173c2b12a8280\""
Mar 28 22:26:35 k8s-node-master containerd[1936]: time="2025-03-28T22:26:35.831083993Z" level=info msg="Container to stop \"fb81a627a16b407d74c245bbae8c195089921e4dc0a540972992344b8d12a51a\" must be in running or unknown state, current state \"CONTAINER_EXITED\""
Mar 28 22:26:35 k8s-node-master containerd[1936]: time="2025-03-28T22:26:35.831141676Z" level=info msg="TearDown network for sandbox \"697a715d44451e7397dc2a16c6e493ebfc8b31b5f4a630d8aab173c2b12a8280\" successfully"
Mar 28 22:26:35 k8s-node-master containerd[1936]: time="2025-03-28T22:26:35.831148028Z" level=info msg="StopPodSandbox for \"697a715d44451e7397dc2a16c6e493ebfc8b31b5f4a630d8aab173c2b12a8280\" returns successfully"
Mar 28 22:26:35 k8s-node-master containerd[1936]: time="2025-03-28T22:26:35.831255388Z" level=info msg="StopPodSandbox for \"628eb426de2d7645b0a64316357ace1d6c236d2cc40a6a8c6ba046947ffe349e\""
Mar 28 22:26:35 k8s-node-master containerd[1936]: time="2025-03-28T22:26:35.831266680Z" level=info msg="Container to stop \"358616b1ee23da8c6834453d124231df801d2e5b6e19e71c10be7e12930a28dc\" must be in running or unknown state, current state \"CONTAINER_EXITED\""
Mar 28 22:26:35 k8s-node-master containerd[1936]: time="2025-03-28T22:26:35.831298402Z" level=info msg="TearDown network for sandbox \"628eb426de2d7645b0a64316357ace1d6c236d2cc40a6a8c6ba046947ffe349e\" successfully"
Mar 28 22:26:35 k8s-node-master containerd[1936]: time="2025-03-28T22:26:35.831303462Z" level=info msg="StopPodSandbox for \"628eb426de2d7645b0a64316357ace1d6c236d2cc40a6a8c6ba046947ffe349e\" returns successfully"
Mar 28 22:26:35 k8s-node-master containerd[1936]: time="2025-03-28T22:26:35.831557508Z" level=info msg="RunPodSandbox for &PodSandboxMetadata{Name:kube-proxy-lq5fq,Uid:96ca68be-ce85-484a-9975-86e0d3c27eaf,Namespace:kube-system,Attempt:5,}"
Mar 28 22:26:35 k8s-node-master containerd[1936]: time="2025-03-28T22:26:35.831600602Z" level=info msg="RemoveContainer for \"358616b1ee23da8c6834453d124231df801d2e5b6e19e71c10be7e12930a28dc\""
Mar 28 22:26:35 k8s-node-master containerd[1936]: time="2025-03-28T22:26:35.834997964Z" level=info msg="RemoveContainer for \"358616b1ee23da8c6834453d124231df801d2e5b6e19e71c10be7e12930a28dc\" returns successfully"
Mar 28 22:26:35 k8s-node-master containerd[1936]: time="2025-03-28T22:26:35.851376395Z" level=info msg="loading plugin \"io.containerd.event.v1.publisher\"..." runtime=io.containerd.runc.v2 type=io.containerd.event.v1
Mar 28 22:26:35 k8s-node-master containerd[1936]: time="2025-03-28T22:26:35.851432986Z" level=info msg="loading plugin \"io.containerd.internal.v1.shutdown\"..." runtime=io.containerd.runc.v2 type=io.containerd.internal.v1
Mar 28 22:26:35 k8s-node-master containerd[1936]: time="2025-03-28T22:26:35.851443546Z" level=info msg="loading plugin \"io.containerd.ttrpc.v1.task\"..." runtime=io.containerd.runc.v2 type=io.containerd.ttrpc.v1
Mar 28 22:26:35 k8s-node-master containerd[1936]: time="2025-03-28T22:26:35.851530656Z" level=info msg="loading plugin \"io.containerd.ttrpc.v1.pause\"..." runtime=io.containerd.runc.v2 type=io.containerd.ttrpc.v1
Mar 28 22:26:35 k8s-node-master containerd[1936]: time="2025-03-28T22:26:35.870384761Z" level=info msg="RunPodSandbox for &PodSandboxMetadata{Name:kube-proxy-lq5fq,Uid:96ca68be-ce85-484a-9975-86e0d3c27eaf,Namespace:kube-system,Attempt:5,} returns sandbox id \"7cbe6ee6e066e4e9ca0b98365861062a922bfa56e35cf0e7cf5fca4ba1610193\""
Mar 28 22:26:54 k8s-node-master containerd[1936]: time="2025-03-28T22:26:54.813212358Z" level=info msg="CreateContainer within sandbox \"1deeb167b02da985f6cb509c14cb844529c0d9a61e37b1ab14b375ff23d95a72\" for container &ContainerMetadata{Name:kube-apiserver,Attempt:3,}"
Mar 28 22:26:54 k8s-node-master containerd[1936]: time="2025-03-28T22:26:54.825621113Z" level=info msg="CreateContainer within sandbox \"1deeb167b02da985f6cb509c14cb844529c0d9a61e37b1ab14b375ff23d95a72\" for &ContainerMetadata{Name:kube-apiserver,Attempt:3,} returns container id \"916341ce608602f25e387503b93fa5c0eaee84c40960adc48bad937b9acca031\""
Mar 28 22:26:54 k8s-node-master containerd[1936]: time="2025-03-28T22:26:54.826045581Z" level=info msg="StartContainer for \"916341ce608602f25e387503b93fa5c0eaee84c40960adc48bad937b9acca031\""
Mar 28 22:26:54 k8s-node-master containerd[1936]: time="2025-03-28T22:26:54.889183377Z" level=info msg="StartContainer for \"916341ce608602f25e387503b93fa5c0eaee84c40960adc48bad937b9acca031\" returns successfully"
Mar 28 22:27:00 k8s-node-master containerd[1936]: time="2025-03-28T22:27:00.860901115Z" level=info msg="StopPodSandbox for \"628eb426de2d7645b0a64316357ace1d6c236d2cc40a6a8c6ba046947ffe349e\""
Mar 28 22:27:00 k8s-node-master containerd[1936]: time="2025-03-28T22:27:00.860992433Z" level=info msg="TearDown network for sandbox \"628eb426de2d7645b0a64316357ace1d6c236d2cc40a6a8c6ba046947ffe349e\" successfully"
Mar 28 22:27:00 k8s-node-master containerd[1936]: time="2025-03-28T22:27:00.861002753Z" level=info msg="StopPodSandbox for \"628eb426de2d7645b0a64316357ace1d6c236d2cc40a6a8c6ba046947ffe349e\" returns successfully"
Mar 28 22:27:00 k8s-node-master containerd[1936]: time="2025-03-28T22:27:00.861262309Z" level=info msg="RemovePodSandbox for \"628eb426de2d7645b0a64316357ace1d6c236d2cc40a6a8c6ba046947ffe349e\""
Mar 28 22:27:00 k8s-node-master containerd[1936]: time="2025-03-28T22:27:00.861290023Z" level=info msg="Forcibly stopping sandbox \"628eb426de2d7645b0a64316357ace1d6c236d2cc40a6a8c6ba046947ffe349e\""
Mar 28 22:27:00 k8s-node-master containerd[1936]: time="2025-03-28T22:27:00.861354658Z" level=info msg="TearDown network for sandbox \"628eb426de2d7645b0a64316357ace1d6c236d2cc40a6a8c6ba046947ffe349e\" successfully"
Mar 28 22:27:00 k8s-node-master containerd[1936]: time="2025-03-28T22:27:00.865572866Z" level=warning msg="Failed to get podSandbox status for container event for sandboxID \"628eb426de2d7645b0a64316357ace1d6c236d2cc40a6a8c6ba046947ffe349e\": an error occurred when try to find sandbox: not found. Sending the event with nil podSandboxStatus."
Mar 28 22:27:00 k8s-node-master containerd[1936]: time="2025-03-28T22:27:00.865654315Z" level=info msg="RemovePodSandbox \"628eb426de2d7645b0a64316357ace1d6c236d2cc40a6a8c6ba046947ffe349e\" returns successfully"
Mar 28 22:27:00 k8s-node-master containerd[1936]: time="2025-03-28T22:27:00.866250577Z" level=info msg="StopPodSandbox for \"9ae8f7b8d2ed08700bbb30137bbecf6a25b277c03f7eac6da3f3d188f75584bd\""
Mar 28 22:27:00 k8s-node-master containerd[1936]: time="2025-03-28T22:27:00.866367504Z" level=info msg="TearDown network for sandbox \"9ae8f7b8d2ed08700bbb30137bbecf6a25b277c03f7eac6da3f3d188f75584bd\" successfully"
Mar 28 22:27:00 k8s-node-master containerd[1936]: time="2025-03-28T22:27:00.866427230Z" level=info msg="StopPodSandbox for \"9ae8f7b8d2ed08700bbb30137bbecf6a25b277c03f7eac6da3f3d188f75584bd\" returns successfully"
Mar 28 22:27:00 k8s-node-master containerd[1936]: time="2025-03-28T22:27:00.866852770Z" level=info msg="RemovePodSandbox for \"9ae8f7b8d2ed08700bbb30137bbecf6a25b277c03f7eac6da3f3d188f75584bd\""
Mar 28 22:27:00 k8s-node-master containerd[1936]: time="2025-03-28T22:27:00.866878319Z" level=info msg="Forcibly stopping sandbox \"9ae8f7b8d2ed08700bbb30137bbecf6a25b277c03f7eac6da3f3d188f75584bd\""
Mar 28 22:27:00 k8s-node-master containerd[1936]: time="2025-03-28T22:27:00.866922406Z" level=info msg="TearDown network for sandbox \"9ae8f7b8d2ed08700bbb30137bbecf6a25b277c03f7eac6da3f3d188f75584bd\" successfully"
Mar 28 22:27:00 k8s-node-master containerd[1936]: time="2025-03-28T22:27:00.870559261Z" level=warning msg="Failed to get podSandbox status for container event for sandboxID \"9ae8f7b8d2ed08700bbb30137bbecf6a25b277c03f7eac6da3f3d188f75584bd\": an error occurred when try to find sandbox: not found. Sending the event with nil podSandboxStatus."
Mar 28 22:27:00 k8s-node-master containerd[1936]: time="2025-03-28T22:27:00.870705796Z" level=info msg="RemovePodSandbox \"9ae8f7b8d2ed08700bbb30137bbecf6a25b277c03f7eac6da3f3d188f75584bd\" returns successfully"
Mar 28 22:27:01 k8s-node-master containerd[1936]: time="2025-03-28T22:27:01.046112278Z" level=info msg="StopContainer for \"916341ce608602f25e387503b93fa5c0eaee84c40960adc48bad937b9acca031\" with timeout 30 (s)"
Mar 28 22:27:01 k8s-node-master containerd[1936]: time="2025-03-28T22:27:01.047109891Z" level=info msg="Stop container \"916341ce608602f25e387503b93fa5c0eaee84c40960adc48bad937b9acca031\" with signal terminated"
Mar 28 22:27:11 k8s-node-master containerd[1936]: time="2025-03-28T22:27:11.819897494Z" level=info msg="CreateContainer within sandbox \"b72f51f1cf43b43e73cc5ff41511341761d4f48b5a2448dd8b97d9eb9f8cc735\" for container &ContainerMetadata{Name:kube-scheduler,Attempt:6,}"
Mar 28 22:27:11 k8s-node-master containerd[1936]: time="2025-03-28T22:27:11.840245425Z" level=info msg="CreateContainer within sandbox \"b72f51f1cf43b43e73cc5ff41511341761d4f48b5a2448dd8b97d9eb9f8cc735\" for &ContainerMetadata{Name:kube-scheduler,Attempt:6,} returns container id \"9997566d013c8d6188b3ef8a95bdc1b545e3ef1db770b5b20ad627eff4fa03f9\""
Mar 28 22:27:11 k8s-node-master containerd[1936]: time="2025-03-28T22:27:11.841136078Z" level=info msg="StartContainer for \"9997566d013c8d6188b3ef8a95bdc1b545e3ef1db770b5b20ad627eff4fa03f9\""
Mar 28 22:27:11 k8s-node-master containerd[1936]: time="2025-03-28T22:27:11.898987576Z" level=info msg="StartContainer for \"9997566d013c8d6188b3ef8a95bdc1b545e3ef1db770b5b20ad627eff4fa03f9\" returns successfully"
Mar 28 22:27:13 k8s-node-master containerd[1936]: time="2025-03-28T22:27:13.040010280Z" level=info msg="received exit event container_id:\"7c2883c98ff3477d38b9787c0644f65a9bf0af9814cc9ea2f221bda385786f0b\"  id:\"7c2883c98ff3477d38b9787c0644f65a9bf0af9814cc9ea2f221bda385786f0b\"  pid:6204  exit_status:1  exited_at:{seconds:1743200833  nanos:39704304}"
Mar 28 22:27:13 k8s-node-master containerd[1936]: time="2025-03-28T22:27:13.058605554Z" level=info msg="shim disconnected" id=7c2883c98ff3477d38b9787c0644f65a9bf0af9814cc9ea2f221bda385786f0b namespace=k8s.io
Mar 28 22:27:13 k8s-node-master containerd[1936]: time="2025-03-28T22:27:13.058667224Z" level=warning msg="cleaning up after shim disconnected" id=7c2883c98ff3477d38b9787c0644f65a9bf0af9814cc9ea2f221bda385786f0b namespace=k8s.io
Mar 28 22:27:13 k8s-node-master containerd[1936]: time="2025-03-28T22:27:13.058675170Z" level=info msg="cleaning up dead shim" namespace=k8s.io
Mar 28 22:27:13 k8s-node-master containerd[1936]: time="2025-03-28T22:27:13.925042088Z" level=info msg="RemoveContainer for \"366accdd742accdd349ac3d75e72025e8617d5f54ab36b2e42f64ce886683b80\""
Mar 28 22:27:13 k8s-node-master containerd[1936]: time="2025-03-28T22:27:13.928841052Z" level=info msg="RemoveContainer for \"366accdd742accdd349ac3d75e72025e8617d5f54ab36b2e42f64ce886683b80\" returns successfully"
Mar 28 22:27:20 k8s-node-master containerd[1936]: time="2025-03-28T22:27:20.938981244Z" level=info msg="StopContainer for \"9997566d013c8d6188b3ef8a95bdc1b545e3ef1db770b5b20ad627eff4fa03f9\" with timeout 30 (s)"
Mar 28 22:27:20 k8s-node-master containerd[1936]: time="2025-03-28T22:27:20.939553448Z" level=info msg="Stop container \"9997566d013c8d6188b3ef8a95bdc1b545e3ef1db770b5b20ad627eff4fa03f9\" with signal terminated"
Mar 28 22:27:20 k8s-node-master containerd[1936]: time="2025-03-28T22:27:20.952804567Z" level=info msg="received exit event container_id:\"9997566d013c8d6188b3ef8a95bdc1b545e3ef1db770b5b20ad627eff4fa03f9\"  id:\"9997566d013c8d6188b3ef8a95bdc1b545e3ef1db770b5b20ad627eff4fa03f9\"  pid:6702  exited_at:{seconds:1743200840  nanos:952362257}"
Mar 28 22:27:21 k8s-node-master containerd[1936]: time="2025-03-28T22:27:21.003991364Z" level=info msg="shim disconnected" id=9997566d013c8d6188b3ef8a95bdc1b545e3ef1db770b5b20ad627eff4fa03f9 namespace=k8s.io
Mar 28 22:27:21 k8s-node-master containerd[1936]: time="2025-03-28T22:27:21.004080637Z" level=warning msg="cleaning up after shim disconnected" id=9997566d013c8d6188b3ef8a95bdc1b545e3ef1db770b5b20ad627eff4fa03f9 namespace=k8s.io
Mar 28 22:27:21 k8s-node-master containerd[1936]: time="2025-03-28T22:27:21.004100907Z" level=info msg="cleaning up dead shim" namespace=k8s.io
Mar 28 22:27:21 k8s-node-master containerd[1936]: time="2025-03-28T22:27:21.020429253Z" level=info msg="StopContainer for \"9997566d013c8d6188b3ef8a95bdc1b545e3ef1db770b5b20ad627eff4fa03f9\" returns successfully"
Mar 28 22:27:21 k8s-node-master containerd[1936]: time="2025-03-28T22:27:21.021002718Z" level=info msg="StopPodSandbox for \"b72f51f1cf43b43e73cc5ff41511341761d4f48b5a2448dd8b97d9eb9f8cc735\""
Mar 28 22:27:21 k8s-node-master containerd[1936]: time="2025-03-28T22:27:21.021158872Z" level=info msg="Container to stop \"9997566d013c8d6188b3ef8a95bdc1b545e3ef1db770b5b20ad627eff4fa03f9\" must be in running or unknown state, current state \"CONTAINER_EXITED\""
Mar 28 22:27:21 k8s-node-master containerd[1936]: time="2025-03-28T22:27:21.031122935Z" level=info msg="received exit event container_id:\"b72f51f1cf43b43e73cc5ff41511341761d4f48b5a2448dd8b97d9eb9f8cc735\"  id:\"b72f51f1cf43b43e73cc5ff41511341761d4f48b5a2448dd8b97d9eb9f8cc735\"  pid:5931  exit_status:137  exited_at:{seconds:1743200841  nanos:30889912}"
Mar 28 22:27:21 k8s-node-master containerd[1936]: time="2025-03-28T22:27:21.055052879Z" level=info msg="shim disconnected" id=b72f51f1cf43b43e73cc5ff41511341761d4f48b5a2448dd8b97d9eb9f8cc735 namespace=k8s.io
Mar 28 22:27:21 k8s-node-master containerd[1936]: time="2025-03-28T22:27:21.055266335Z" level=warning msg="cleaning up after shim disconnected" id=b72f51f1cf43b43e73cc5ff41511341761d4f48b5a2448dd8b97d9eb9f8cc735 namespace=k8s.io
Mar 28 22:27:21 k8s-node-master containerd[1936]: time="2025-03-28T22:27:21.055391478Z" level=info msg="cleaning up dead shim" namespace=k8s.io
Mar 28 22:27:21 k8s-node-master containerd[1936]: time="2025-03-28T22:27:21.074757072Z" level=warning msg="cleanup warnings time=\"2025-03-28T22:27:21Z\" level=warning msg=\"failed to remove runc container\" error=\"runc did not terminate successfully: exit status 255: \" runtime=io.containerd.runc.v2\n" namespace=k8s.io
Mar 28 22:27:21 k8s-node-master containerd[1936]: time="2025-03-28T22:27:21.075754703Z" level=info msg="TearDown network for sandbox \"b72f51f1cf43b43e73cc5ff41511341761d4f48b5a2448dd8b97d9eb9f8cc735\" successfully"
Mar 28 22:27:21 k8s-node-master containerd[1936]: time="2025-03-28T22:27:21.075774712Z" level=info msg="StopPodSandbox for \"b72f51f1cf43b43e73cc5ff41511341761d4f48b5a2448dd8b97d9eb9f8cc735\" returns successfully"
Mar 28 22:27:21 k8s-node-master containerd[1936]: time="2025-03-28T22:27:21.076300936Z" level=info msg="StopPodSandbox for \"f0d24ed349d49e1c3c5ff303aeb7a8aea5a37e7b048152ee80d9c8c16ccbf25f\""
Mar 28 22:27:21 k8s-node-master containerd[1936]: time="2025-03-28T22:27:21.076406211Z" level=info msg="Container to stop \"a892a8de27973ac19282dc26c50e624c7de6cbaabded28af8a553d762a61c342\" must be in running or unknown state, current state \"CONTAINER_EXITED\""
Mar 28 22:27:21 k8s-node-master containerd[1936]: time="2025-03-28T22:27:21.076572384Z" level=info msg="TearDown network for sandbox \"f0d24ed349d49e1c3c5ff303aeb7a8aea5a37e7b048152ee80d9c8c16ccbf25f\" successfully"
Mar 28 22:27:21 k8s-node-master containerd[1936]: time="2025-03-28T22:27:21.076668350Z" level=info msg="StopPodSandbox for \"f0d24ed349d49e1c3c5ff303aeb7a8aea5a37e7b048152ee80d9c8c16ccbf25f\" returns successfully"
Mar 28 22:27:21 k8s-node-master containerd[1936]: time="2025-03-28T22:27:21.943248418Z" level=info msg="RemoveContainer for \"a892a8de27973ac19282dc26c50e624c7de6cbaabded28af8a553d762a61c342\""
Mar 28 22:27:21 k8s-node-master containerd[1936]: time="2025-03-28T22:27:21.943595443Z" level=info msg="StopPodSandbox for \"b72f51f1cf43b43e73cc5ff41511341761d4f48b5a2448dd8b97d9eb9f8cc735\""
Mar 28 22:27:21 k8s-node-master containerd[1936]: time="2025-03-28T22:27:21.943618278Z" level=info msg="Container to stop \"9997566d013c8d6188b3ef8a95bdc1b545e3ef1db770b5b20ad627eff4fa03f9\" must be in running or unknown state, current state \"CONTAINER_EXITED\""
Mar 28 22:27:21 k8s-node-master containerd[1936]: time="2025-03-28T22:27:21.943698985Z" level=info msg="TearDown network for sandbox \"b72f51f1cf43b43e73cc5ff41511341761d4f48b5a2448dd8b97d9eb9f8cc735\" successfully"
Mar 28 22:27:21 k8s-node-master containerd[1936]: time="2025-03-28T22:27:21.943711709Z" level=info msg="StopPodSandbox for \"b72f51f1cf43b43e73cc5ff41511341761d4f48b5a2448dd8b97d9eb9f8cc735\" returns successfully"
Mar 28 22:27:21 k8s-node-master containerd[1936]: time="2025-03-28T22:27:21.943977446Z" level=info msg="StopPodSandbox for \"f0d24ed349d49e1c3c5ff303aeb7a8aea5a37e7b048152ee80d9c8c16ccbf25f\""
Mar 28 22:27:21 k8s-node-master containerd[1936]: time="2025-03-28T22:27:21.944000972Z" level=info msg="Container to stop \"a892a8de27973ac19282dc26c50e624c7de6cbaabded28af8a553d762a61c342\" must be in running or unknown state, current state \"CONTAINER_EXITED\""
Mar 28 22:27:21 k8s-node-master containerd[1936]: time="2025-03-28T22:27:21.944065127Z" level=info msg="TearDown network for sandbox \"f0d24ed349d49e1c3c5ff303aeb7a8aea5a37e7b048152ee80d9c8c16ccbf25f\" successfully"
Mar 28 22:27:21 k8s-node-master containerd[1936]: time="2025-03-28T22:27:21.944074054Z" level=info msg="StopPodSandbox for \"f0d24ed349d49e1c3c5ff303aeb7a8aea5a37e7b048152ee80d9c8c16ccbf25f\" returns successfully"
Mar 28 22:27:21 k8s-node-master containerd[1936]: time="2025-03-28T22:27:21.944372916Z" level=info msg="RunPodSandbox for &PodSandboxMetadata{Name:kube-scheduler-k8s-node-master,Uid:b4333100dbded7d2fccfa2d005a22d1d,Namespace:kube-system,Attempt:7,}"
Mar 28 22:27:21 k8s-node-master containerd[1936]: time="2025-03-28T22:27:21.947316142Z" level=info msg="RemoveContainer for \"a892a8de27973ac19282dc26c50e624c7de6cbaabded28af8a553d762a61c342\" returns successfully"
Mar 28 22:27:21 k8s-node-master containerd[1936]: time="2025-03-28T22:27:21.966914879Z" level=info msg="loading plugin \"io.containerd.event.v1.publisher\"..." runtime=io.containerd.runc.v2 type=io.containerd.event.v1
Mar 28 22:27:21 k8s-node-master containerd[1936]: time="2025-03-28T22:27:21.967387619Z" level=info msg="loading plugin \"io.containerd.internal.v1.shutdown\"..." runtime=io.containerd.runc.v2 type=io.containerd.internal.v1
Mar 28 22:27:21 k8s-node-master containerd[1936]: time="2025-03-28T22:27:21.967402698Z" level=info msg="loading plugin \"io.containerd.ttrpc.v1.task\"..." runtime=io.containerd.runc.v2 type=io.containerd.ttrpc.v1
Mar 28 22:27:21 k8s-node-master containerd[1936]: time="2025-03-28T22:27:21.967524044Z" level=info msg="loading plugin \"io.containerd.ttrpc.v1.pause\"..." runtime=io.containerd.runc.v2 type=io.containerd.ttrpc.v1
Mar 28 22:27:22 k8s-node-master containerd[1936]: time="2025-03-28T22:27:22.011316388Z" level=info msg="RunPodSandbox for &PodSandboxMetadata{Name:kube-scheduler-k8s-node-master,Uid:b4333100dbded7d2fccfa2d005a22d1d,Namespace:kube-system,Attempt:7,} returns sandbox id \"5c758ae7ad5ad572fbb8347633b0d3c440653bd9bc03aadf840da13721217370\""
Mar 28 22:27:31 k8s-node-master containerd[1936]: time="2025-03-28T22:27:31.054159706Z" level=info msg="Kill container \"916341ce608602f25e387503b93fa5c0eaee84c40960adc48bad937b9acca031\""
Mar 28 22:27:31 k8s-node-master containerd[1936]: time="2025-03-28T22:27:31.096179784Z" level=info msg="received exit event container_id:\"916341ce608602f25e387503b93fa5c0eaee84c40960adc48bad937b9acca031\"  id:\"916341ce608602f25e387503b93fa5c0eaee84c40960adc48bad937b9acca031\"  pid:6650  exit_status:137  exited_at:{seconds:1743200851  nanos:95229025}"
Mar 28 22:27:31 k8s-node-master containerd[1936]: time="2025-03-28T22:27:31.143610150Z" level=info msg="shim disconnected" id=916341ce608602f25e387503b93fa5c0eaee84c40960adc48bad937b9acca031 namespace=k8s.io
Mar 28 22:27:31 k8s-node-master containerd[1936]: time="2025-03-28T22:27:31.143724112Z" level=warning msg="cleaning up after shim disconnected" id=916341ce608602f25e387503b93fa5c0eaee84c40960adc48bad937b9acca031 namespace=k8s.io
Mar 28 22:27:31 k8s-node-master containerd[1936]: time="2025-03-28T22:27:31.143925163Z" level=info msg="cleaning up dead shim" namespace=k8s.io
Mar 28 22:27:31 k8s-node-master containerd[1936]: time="2025-03-28T22:27:31.159616732Z" level=info msg="StopContainer for \"916341ce608602f25e387503b93fa5c0eaee84c40960adc48bad937b9acca031\" returns successfully"
Mar 28 22:27:31 k8s-node-master containerd[1936]: time="2025-03-28T22:27:31.160189064Z" level=info msg="StopPodSandbox for \"1deeb167b02da985f6cb509c14cb844529c0d9a61e37b1ab14b375ff23d95a72\""
Mar 28 22:27:31 k8s-node-master containerd[1936]: time="2025-03-28T22:27:31.160220575Z" level=info msg="Container to stop \"916341ce608602f25e387503b93fa5c0eaee84c40960adc48bad937b9acca031\" must be in running or unknown state, current state \"CONTAINER_EXITED\""
Mar 28 22:27:31 k8s-node-master containerd[1936]: time="2025-03-28T22:27:31.170285765Z" level=info msg="received exit event container_id:\"1deeb167b02da985f6cb509c14cb844529c0d9a61e37b1ab14b375ff23d95a72\"  id:\"1deeb167b02da985f6cb509c14cb844529c0d9a61e37b1ab14b375ff23d95a72\"  pid:6517  exit_status:137  exited_at:{seconds:1743200851  nanos:170079012}"
Mar 28 22:27:31 k8s-node-master containerd[1936]: time="2025-03-28T22:27:31.195833937Z" level=info msg="shim disconnected" id=1deeb167b02da985f6cb509c14cb844529c0d9a61e37b1ab14b375ff23d95a72 namespace=k8s.io
Mar 28 22:27:31 k8s-node-master containerd[1936]: time="2025-03-28T22:27:31.195901639Z" level=warning msg="cleaning up after shim disconnected" id=1deeb167b02da985f6cb509c14cb844529c0d9a61e37b1ab14b375ff23d95a72 namespace=k8s.io
Mar 28 22:27:31 k8s-node-master containerd[1936]: time="2025-03-28T22:27:31.195914404Z" level=info msg="cleaning up dead shim" namespace=k8s.io
Mar 28 22:27:31 k8s-node-master containerd[1936]: time="2025-03-28T22:27:31.208418295Z" level=info msg="TearDown network for sandbox \"1deeb167b02da985f6cb509c14cb844529c0d9a61e37b1ab14b375ff23d95a72\" successfully"
Mar 28 22:27:31 k8s-node-master containerd[1936]: time="2025-03-28T22:27:31.208502848Z" level=info msg="StopPodSandbox for \"1deeb167b02da985f6cb509c14cb844529c0d9a61e37b1ab14b375ff23d95a72\" returns successfully"
Mar 28 22:27:31 k8s-node-master containerd[1936]: time="2025-03-28T22:27:31.209736247Z" level=info msg="StopPodSandbox for \"c15d43864743d6444eeddb83a673058fbacbd9fee431bfa199a0f2092e053cc8\""
Mar 28 22:27:31 k8s-node-master containerd[1936]: time="2025-03-28T22:27:31.209773449Z" level=info msg="Container to stop \"0a11e9ba5b758c96300bc81f8989586ffea6d5420d8ae8c8818f7d12dfc900ea\" must be in running or unknown state, current state \"CONTAINER_EXITED\""
Mar 28 22:27:31 k8s-node-master containerd[1936]: time="2025-03-28T22:27:31.209956375Z" level=info msg="TearDown network for sandbox \"c15d43864743d6444eeddb83a673058fbacbd9fee431bfa199a0f2092e053cc8\" successfully"
Mar 28 22:27:31 k8s-node-master containerd[1936]: time="2025-03-28T22:27:31.209974179Z" level=info msg="StopPodSandbox for \"c15d43864743d6444eeddb83a673058fbacbd9fee431bfa199a0f2092e053cc8\" returns successfully"
Mar 28 22:27:31 k8s-node-master containerd[1936]: time="2025-03-28T22:27:31.965855301Z" level=info msg="StopPodSandbox for \"1deeb167b02da985f6cb509c14cb844529c0d9a61e37b1ab14b375ff23d95a72\""
Mar 28 22:27:31 k8s-node-master containerd[1936]: time="2025-03-28T22:27:31.965948352Z" level=info msg="Container to stop \"916341ce608602f25e387503b93fa5c0eaee84c40960adc48bad937b9acca031\" must be in running or unknown state, current state \"CONTAINER_EXITED\""
Mar 28 22:27:31 k8s-node-master containerd[1936]: time="2025-03-28T22:27:31.966134053Z" level=info msg="TearDown network for sandbox \"1deeb167b02da985f6cb509c14cb844529c0d9a61e37b1ab14b375ff23d95a72\" successfully"
Mar 28 22:27:31 k8s-node-master containerd[1936]: time="2025-03-28T22:27:31.966184731Z" level=info msg="StopPodSandbox for \"1deeb167b02da985f6cb509c14cb844529c0d9a61e37b1ab14b375ff23d95a72\" returns successfully"
Mar 28 22:27:31 k8s-node-master containerd[1936]: time="2025-03-28T22:27:31.966854314Z" level=info msg="StopPodSandbox for \"c15d43864743d6444eeddb83a673058fbacbd9fee431bfa199a0f2092e053cc8\""
Mar 28 22:27:31 k8s-node-master containerd[1936]: time="2025-03-28T22:27:31.966885484Z" level=info msg="Container to stop \"0a11e9ba5b758c96300bc81f8989586ffea6d5420d8ae8c8818f7d12dfc900ea\" must be in running or unknown state, current state \"CONTAINER_EXITED\""
Mar 28 22:27:31 k8s-node-master containerd[1936]: time="2025-03-28T22:27:31.967120401Z" level=info msg="TearDown network for sandbox \"c15d43864743d6444eeddb83a673058fbacbd9fee431bfa199a0f2092e053cc8\" successfully"
Mar 28 22:27:31 k8s-node-master containerd[1936]: time="2025-03-28T22:27:31.967142874Z" level=info msg="StopPodSandbox for \"c15d43864743d6444eeddb83a673058fbacbd9fee431bfa199a0f2092e053cc8\" returns successfully"
Mar 28 22:27:31 k8s-node-master containerd[1936]: time="2025-03-28T22:27:31.967488346Z" level=info msg="RunPodSandbox for &PodSandboxMetadata{Name:kube-apiserver-k8s-node-master,Uid:084ed5b31954571ec53b94fa27be1baa,Namespace:kube-system,Attempt:4,}"
Mar 28 22:27:31 k8s-node-master containerd[1936]: time="2025-03-28T22:27:31.967503836Z" level=info msg="RemoveContainer for \"0a11e9ba5b758c96300bc81f8989586ffea6d5420d8ae8c8818f7d12dfc900ea\""
Mar 28 22:27:31 k8s-node-master containerd[1936]: time="2025-03-28T22:27:31.971967194Z" level=info msg="RemoveContainer for \"0a11e9ba5b758c96300bc81f8989586ffea6d5420d8ae8c8818f7d12dfc900ea\" returns successfully"
Mar 28 22:27:31 k8s-node-master containerd[1936]: time="2025-03-28T22:27:31.994122009Z" level=info msg="loading plugin \"io.containerd.event.v1.publisher\"..." runtime=io.containerd.runc.v2 type=io.containerd.event.v1
Mar 28 22:27:31 k8s-node-master containerd[1936]: time="2025-03-28T22:27:31.995023211Z" level=info msg="loading plugin \"io.containerd.internal.v1.shutdown\"..." runtime=io.containerd.runc.v2 type=io.containerd.internal.v1
Mar 28 22:27:31 k8s-node-master containerd[1936]: time="2025-03-28T22:27:31.995047328Z" level=info msg="loading plugin \"io.containerd.ttrpc.v1.task\"..." runtime=io.containerd.runc.v2 type=io.containerd.ttrpc.v1
Mar 28 22:27:31 k8s-node-master containerd[1936]: time="2025-03-28T22:27:31.995415734Z" level=info msg="loading plugin \"io.containerd.ttrpc.v1.pause\"..." runtime=io.containerd.runc.v2 type=io.containerd.ttrpc.v1
Mar 28 22:27:32 k8s-node-master containerd[1936]: time="2025-03-28T22:27:32.037289363Z" level=info msg="RunPodSandbox for &PodSandboxMetadata{Name:kube-apiserver-k8s-node-master,Uid:084ed5b31954571ec53b94fa27be1baa,Namespace:kube-system,Attempt:4,} returns sandbox id \"dbbf59005caacaa23151dac055e29ca73d0bb3aa3dc2f7619c545f2ff3095248\""
Mar 28 22:27:54 k8s-node-master containerd[1936]: time="2025-03-28T22:27:54.796743547Z" level=info msg="CreateContainer within sandbox \"2f1aa3737d9b9b28c2657892ae23bce7f60ce57d7fc07939994b69ab5c6cc115\" for container &ContainerMetadata{Name:kube-controller-manager,Attempt:4,}"
Mar 28 22:27:54 k8s-node-master containerd[1936]: time="2025-03-28T22:27:54.815459443Z" level=info msg="CreateContainer within sandbox \"2f1aa3737d9b9b28c2657892ae23bce7f60ce57d7fc07939994b69ab5c6cc115\" for &ContainerMetadata{Name:kube-controller-manager,Attempt:4,} returns container id \"1bffe5e8c9061d735526549a0ba02337ca0987203de199fb412cb4d389dd188f\""
Mar 28 22:27:54 k8s-node-master containerd[1936]: time="2025-03-28T22:27:54.816115135Z" level=info msg="StartContainer for \"1bffe5e8c9061d735526549a0ba02337ca0987203de199fb412cb4d389dd188f\""
Mar 28 22:27:54 k8s-node-master containerd[1936]: time="2025-03-28T22:27:54.875025786Z" level=info msg="StartContainer for \"1bffe5e8c9061d735526549a0ba02337ca0987203de199fb412cb4d389dd188f\" returns successfully"
Mar 28 22:27:56 k8s-node-master containerd[1936]: time="2025-03-28T22:27:56.813482481Z" level=info msg="CreateContainer within sandbox \"7cbe6ee6e066e4e9ca0b98365861062a922bfa56e35cf0e7cf5fca4ba1610193\" for container &ContainerMetadata{Name:kube-proxy,Attempt:5,}"
Mar 28 22:27:56 k8s-node-master containerd[1936]: time="2025-03-28T22:27:56.828601028Z" level=info msg="CreateContainer within sandbox \"7cbe6ee6e066e4e9ca0b98365861062a922bfa56e35cf0e7cf5fca4ba1610193\" for &ContainerMetadata{Name:kube-proxy,Attempt:5,} returns container id \"d8ed4b42daa0307198b23e3bb649225330f8e31211e01b36a90600fe7393ec8b\""
Mar 28 22:27:56 k8s-node-master containerd[1936]: time="2025-03-28T22:27:56.829178750Z" level=info msg="StartContainer for \"d8ed4b42daa0307198b23e3bb649225330f8e31211e01b36a90600fe7393ec8b\""
Mar 28 22:27:56 k8s-node-master containerd[1936]: time="2025-03-28T22:27:56.866346230Z" level=info msg="StartContainer for \"d8ed4b42daa0307198b23e3bb649225330f8e31211e01b36a90600fe7393ec8b\" returns successfully"
Mar 28 22:28:00 k8s-node-master containerd[1936]: time="2025-03-28T22:28:00.873321535Z" level=info msg="StopPodSandbox for \"f0d24ed349d49e1c3c5ff303aeb7a8aea5a37e7b048152ee80d9c8c16ccbf25f\""
Mar 28 22:28:00 k8s-node-master containerd[1936]: time="2025-03-28T22:28:00.873407883Z" level=info msg="TearDown network for sandbox \"f0d24ed349d49e1c3c5ff303aeb7a8aea5a37e7b048152ee80d9c8c16ccbf25f\" successfully"
Mar 28 22:28:00 k8s-node-master containerd[1936]: time="2025-03-28T22:28:00.873416339Z" level=info msg="StopPodSandbox for \"f0d24ed349d49e1c3c5ff303aeb7a8aea5a37e7b048152ee80d9c8c16ccbf25f\" returns successfully"
Mar 28 22:28:00 k8s-node-master containerd[1936]: time="2025-03-28T22:28:00.873594785Z" level=info msg="RemovePodSandbox for \"f0d24ed349d49e1c3c5ff303aeb7a8aea5a37e7b048152ee80d9c8c16ccbf25f\""
Mar 28 22:28:00 k8s-node-master containerd[1936]: time="2025-03-28T22:28:00.873611878Z" level=info msg="Forcibly stopping sandbox \"f0d24ed349d49e1c3c5ff303aeb7a8aea5a37e7b048152ee80d9c8c16ccbf25f\""
Mar 28 22:28:00 k8s-node-master containerd[1936]: time="2025-03-28T22:28:00.873674069Z" level=info msg="TearDown network for sandbox \"f0d24ed349d49e1c3c5ff303aeb7a8aea5a37e7b048152ee80d9c8c16ccbf25f\" successfully"
Mar 28 22:28:00 k8s-node-master containerd[1936]: time="2025-03-28T22:28:00.876831509Z" level=warning msg="Failed to get podSandbox status for container event for sandboxID \"f0d24ed349d49e1c3c5ff303aeb7a8aea5a37e7b048152ee80d9c8c16ccbf25f\": an error occurred when try to find sandbox: not found. Sending the event with nil podSandboxStatus."
Mar 28 22:28:00 k8s-node-master containerd[1936]: time="2025-03-28T22:28:00.876865565Z" level=info msg="RemovePodSandbox \"f0d24ed349d49e1c3c5ff303aeb7a8aea5a37e7b048152ee80d9c8c16ccbf25f\" returns successfully"
Mar 28 22:28:00 k8s-node-master containerd[1936]: time="2025-03-28T22:28:00.877099609Z" level=info msg="StopPodSandbox for \"c15d43864743d6444eeddb83a673058fbacbd9fee431bfa199a0f2092e053cc8\""
Mar 28 22:28:00 k8s-node-master containerd[1936]: time="2025-03-28T22:28:00.877148194Z" level=info msg="TearDown network for sandbox \"c15d43864743d6444eeddb83a673058fbacbd9fee431bfa199a0f2092e053cc8\" successfully"
Mar 28 22:28:00 k8s-node-master containerd[1936]: time="2025-03-28T22:28:00.877154596Z" level=info msg="StopPodSandbox for \"c15d43864743d6444eeddb83a673058fbacbd9fee431bfa199a0f2092e053cc8\" returns successfully"
Mar 28 22:28:00 k8s-node-master containerd[1936]: time="2025-03-28T22:28:00.877275400Z" level=info msg="RemovePodSandbox for \"c15d43864743d6444eeddb83a673058fbacbd9fee431bfa199a0f2092e053cc8\""
Mar 28 22:28:00 k8s-node-master containerd[1936]: time="2025-03-28T22:28:00.877286181Z" level=info msg="Forcibly stopping sandbox \"c15d43864743d6444eeddb83a673058fbacbd9fee431bfa199a0f2092e053cc8\""
Mar 28 22:28:00 k8s-node-master containerd[1936]: time="2025-03-28T22:28:00.877314657Z" level=info msg="TearDown network for sandbox \"c15d43864743d6444eeddb83a673058fbacbd9fee431bfa199a0f2092e053cc8\" successfully"
Mar 28 22:28:00 k8s-node-master containerd[1936]: time="2025-03-28T22:28:00.879963839Z" level=warning msg="Failed to get podSandbox status for container event for sandboxID \"c15d43864743d6444eeddb83a673058fbacbd9fee431bfa199a0f2092e053cc8\": an error occurred when try to find sandbox: not found. Sending the event with nil podSandboxStatus."
Mar 28 22:28:00 k8s-node-master containerd[1936]: time="2025-03-28T22:28:00.879991774Z" level=info msg="RemovePodSandbox \"c15d43864743d6444eeddb83a673058fbacbd9fee431bfa199a0f2092e053cc8\" returns successfully"
Mar 28 22:28:00 k8s-node-master containerd[1936]: time="2025-03-28T22:28:00.939958332Z" level=info msg="StopContainer for \"1bffe5e8c9061d735526549a0ba02337ca0987203de199fb412cb4d389dd188f\" with timeout 30 (s)"
Mar 28 22:28:00 k8s-node-master containerd[1936]: time="2025-03-28T22:28:00.940435809Z" level=info msg="Stop container \"1bffe5e8c9061d735526549a0ba02337ca0987203de199fb412cb4d389dd188f\" with signal terminated"
Mar 28 22:28:00 k8s-node-master containerd[1936]: time="2025-03-28T22:28:00.960359609Z" level=info msg="received exit event container_id:\"1bffe5e8c9061d735526549a0ba02337ca0987203de199fb412cb4d389dd188f\"  id:\"1bffe5e8c9061d735526549a0ba02337ca0987203de199fb412cb4d389dd188f\"  pid:7034  exit_status:2  exited_at:{seconds:1743200880  nanos:960114333}"
Mar 28 22:28:00 k8s-node-master containerd[1936]: time="2025-03-28T22:28:00.982131396Z" level=info msg="shim disconnected" id=1bffe5e8c9061d735526549a0ba02337ca0987203de199fb412cb4d389dd188f namespace=k8s.io
Mar 28 22:28:00 k8s-node-master containerd[1936]: time="2025-03-28T22:28:00.982185080Z" level=warning msg="cleaning up after shim disconnected" id=1bffe5e8c9061d735526549a0ba02337ca0987203de199fb412cb4d389dd188f namespace=k8s.io
Mar 28 22:28:00 k8s-node-master containerd[1936]: time="2025-03-28T22:28:00.982198727Z" level=info msg="cleaning up dead shim" namespace=k8s.io
Mar 28 22:28:00 k8s-node-master containerd[1936]: time="2025-03-28T22:28:00.995262208Z" level=info msg="StopContainer for \"1bffe5e8c9061d735526549a0ba02337ca0987203de199fb412cb4d389dd188f\" returns successfully"
Mar 28 22:28:00 k8s-node-master containerd[1936]: time="2025-03-28T22:28:00.995929604Z" level=info msg="StopPodSandbox for \"2f1aa3737d9b9b28c2657892ae23bce7f60ce57d7fc07939994b69ab5c6cc115\""
Mar 28 22:28:00 k8s-node-master containerd[1936]: time="2025-03-28T22:28:00.995973399Z" level=info msg="Container to stop \"7c2883c98ff3477d38b9787c0644f65a9bf0af9814cc9ea2f221bda385786f0b\" must be in running or unknown state, current state \"CONTAINER_EXITED\""
Mar 28 22:28:00 k8s-node-master containerd[1936]: time="2025-03-28T22:28:00.996015610Z" level=info msg="Container to stop \"1bffe5e8c9061d735526549a0ba02337ca0987203de199fb412cb4d389dd188f\" must be in running or unknown state, current state \"CONTAINER_EXITED\""
Mar 28 22:28:01 k8s-node-master containerd[1936]: time="2025-03-28T22:28:01.028505965Z" level=info msg="received exit event container_id:\"2f1aa3737d9b9b28c2657892ae23bce7f60ce57d7fc07939994b69ab5c6cc115\"  id:\"2f1aa3737d9b9b28c2657892ae23bce7f60ce57d7fc07939994b69ab5c6cc115\"  pid:5571  exit_status:137  exited_at:{seconds:1743200881  nanos:28152138}"
Mar 28 22:28:01 k8s-node-master containerd[1936]: time="2025-03-28T22:28:01.030845245Z" level=info msg="RemoveContainer for \"7c2883c98ff3477d38b9787c0644f65a9bf0af9814cc9ea2f221bda385786f0b\""
Mar 28 22:28:01 k8s-node-master containerd[1936]: time="2025-03-28T22:28:01.034473419Z" level=info msg="RemoveContainer for \"7c2883c98ff3477d38b9787c0644f65a9bf0af9814cc9ea2f221bda385786f0b\" returns successfully"
Mar 28 22:28:01 k8s-node-master containerd[1936]: time="2025-03-28T22:28:01.048878043Z" level=info msg="shim disconnected" id=2f1aa3737d9b9b28c2657892ae23bce7f60ce57d7fc07939994b69ab5c6cc115 namespace=k8s.io
Mar 28 22:28:01 k8s-node-master containerd[1936]: time="2025-03-28T22:28:01.048937940Z" level=warning msg="cleaning up after shim disconnected" id=2f1aa3737d9b9b28c2657892ae23bce7f60ce57d7fc07939994b69ab5c6cc115 namespace=k8s.io
Mar 28 22:28:01 k8s-node-master containerd[1936]: time="2025-03-28T22:28:01.048949481Z" level=info msg="cleaning up dead shim" namespace=k8s.io
Mar 28 22:28:01 k8s-node-master containerd[1936]: time="2025-03-28T22:28:01.059144302Z" level=info msg="TearDown network for sandbox \"2f1aa3737d9b9b28c2657892ae23bce7f60ce57d7fc07939994b69ab5c6cc115\" successfully"
Mar 28 22:28:01 k8s-node-master containerd[1936]: time="2025-03-28T22:28:01.059171826Z" level=info msg="StopPodSandbox for \"2f1aa3737d9b9b28c2657892ae23bce7f60ce57d7fc07939994b69ab5c6cc115\" returns successfully"
Mar 28 22:28:02 k8s-node-master containerd[1936]: time="2025-03-28T22:28:02.033438555Z" level=info msg="StopPodSandbox for \"2f1aa3737d9b9b28c2657892ae23bce7f60ce57d7fc07939994b69ab5c6cc115\""
Mar 28 22:28:02 k8s-node-master containerd[1936]: time="2025-03-28T22:28:02.033473322Z" level=info msg="Container to stop \"1bffe5e8c9061d735526549a0ba02337ca0987203de199fb412cb4d389dd188f\" must be in running or unknown state, current state \"CONTAINER_EXITED\""
Mar 28 22:28:02 k8s-node-master containerd[1936]: time="2025-03-28T22:28:02.033541986Z" level=info msg="TearDown network for sandbox \"2f1aa3737d9b9b28c2657892ae23bce7f60ce57d7fc07939994b69ab5c6cc115\" successfully"
Mar 28 22:28:02 k8s-node-master containerd[1936]: time="2025-03-28T22:28:02.033549470Z" level=info msg="StopPodSandbox for \"2f1aa3737d9b9b28c2657892ae23bce7f60ce57d7fc07939994b69ab5c6cc115\" returns successfully"
Mar 28 22:28:02 k8s-node-master containerd[1936]: time="2025-03-28T22:28:02.033945208Z" level=info msg="RunPodSandbox for &PodSandboxMetadata{Name:kube-controller-manager-k8s-node-master,Uid:18ced383581f035b35f838e2f9ab5cb4,Namespace:kube-system,Attempt:3,}"
Mar 28 22:28:02 k8s-node-master containerd[1936]: time="2025-03-28T22:28:02.052710576Z" level=info msg="loading plugin \"io.containerd.event.v1.publisher\"..." runtime=io.containerd.runc.v2 type=io.containerd.event.v1
Mar 28 22:28:02 k8s-node-master containerd[1936]: time="2025-03-28T22:28:02.052810440Z" level=info msg="loading plugin \"io.containerd.internal.v1.shutdown\"..." runtime=io.containerd.runc.v2 type=io.containerd.internal.v1
Mar 28 22:28:02 k8s-node-master containerd[1936]: time="2025-03-28T22:28:02.053173374Z" level=info msg="loading plugin \"io.containerd.ttrpc.v1.task\"..." runtime=io.containerd.runc.v2 type=io.containerd.ttrpc.v1
Mar 28 22:28:02 k8s-node-master containerd[1936]: time="2025-03-28T22:28:02.053247959Z" level=info msg="loading plugin \"io.containerd.ttrpc.v1.pause\"..." runtime=io.containerd.runc.v2 type=io.containerd.ttrpc.v1
Mar 28 22:28:02 k8s-node-master containerd[1936]: time="2025-03-28T22:28:02.086640662Z" level=info msg="RunPodSandbox for &PodSandboxMetadata{Name:kube-controller-manager-k8s-node-master,Uid:18ced383581f035b35f838e2f9ab5cb4,Namespace:kube-system,Attempt:3,} returns sandbox id \"b0a1dd6e0bfe493927769e1a489edd9f7658d6bb236f2831fe9c06e156978c80\""
Mar 28 22:28:14 k8s-node-master containerd[1936]: time="2025-03-28T22:28:14.794718907Z" level=info msg="CreateContainer within sandbox \"dbbf59005caacaa23151dac055e29ca73d0bb3aa3dc2f7619c545f2ff3095248\" for container &ContainerMetadata{Name:kube-apiserver,Attempt:4,}"
Mar 28 22:28:14 k8s-node-master containerd[1936]: time="2025-03-28T22:28:14.810035654Z" level=info msg="CreateContainer within sandbox \"dbbf59005caacaa23151dac055e29ca73d0bb3aa3dc2f7619c545f2ff3095248\" for &ContainerMetadata{Name:kube-apiserver,Attempt:4,} returns container id \"4d7b3ac6df1ba82c1b46a9cf2971b3c20b312a712dba695fde6efc753ceff090\""
Mar 28 22:28:14 k8s-node-master containerd[1936]: time="2025-03-28T22:28:14.811216396Z" level=info msg="StartContainer for \"4d7b3ac6df1ba82c1b46a9cf2971b3c20b312a712dba695fde6efc753ceff090\""
Mar 28 22:28:14 k8s-node-master containerd[1936]: time="2025-03-28T22:28:14.865476171Z" level=info msg="StartContainer for \"4d7b3ac6df1ba82c1b46a9cf2971b3c20b312a712dba695fde6efc753ceff090\" returns successfully"
Mar 28 22:29:21 k8s-node-master containerd[1936]: time="2025-03-28T22:29:21.793271137Z" level=info msg="StopContainer for \"d8ed4b42daa0307198b23e3bb649225330f8e31211e01b36a90600fe7393ec8b\" with timeout 30 (s)"
Mar 28 22:29:21 k8s-node-master containerd[1936]: time="2025-03-28T22:29:21.794006862Z" level=info msg="Stop container \"d8ed4b42daa0307198b23e3bb649225330f8e31211e01b36a90600fe7393ec8b\" with signal terminated"
Mar 28 22:29:21 k8s-node-master containerd[1936]: time="2025-03-28T22:29:21.823228868Z" level=info msg="received exit event container_id:\"d8ed4b42daa0307198b23e3bb649225330f8e31211e01b36a90600fe7393ec8b\"  id:\"d8ed4b42daa0307198b23e3bb649225330f8e31211e01b36a90600fe7393ec8b\"  pid:7068  exit_status:2  exited_at:{seconds:1743200961  nanos:821943930}"
Mar 28 22:29:21 k8s-node-master containerd[1936]: time="2025-03-28T22:29:21.846758544Z" level=info msg="shim disconnected" id=d8ed4b42daa0307198b23e3bb649225330f8e31211e01b36a90600fe7393ec8b namespace=k8s.io
Mar 28 22:29:21 k8s-node-master containerd[1936]: time="2025-03-28T22:29:21.846828449Z" level=warning msg="cleaning up after shim disconnected" id=d8ed4b42daa0307198b23e3bb649225330f8e31211e01b36a90600fe7393ec8b namespace=k8s.io
Mar 28 22:29:21 k8s-node-master containerd[1936]: time="2025-03-28T22:29:21.846837517Z" level=info msg="cleaning up dead shim" namespace=k8s.io
Mar 28 22:29:21 k8s-node-master containerd[1936]: time="2025-03-28T22:29:21.861890010Z" level=info msg="StopContainer for \"d8ed4b42daa0307198b23e3bb649225330f8e31211e01b36a90600fe7393ec8b\" returns successfully"
Mar 28 22:29:21 k8s-node-master containerd[1936]: time="2025-03-28T22:29:21.862564957Z" level=info msg="StopPodSandbox for \"7cbe6ee6e066e4e9ca0b98365861062a922bfa56e35cf0e7cf5fca4ba1610193\""
Mar 28 22:29:21 k8s-node-master containerd[1936]: time="2025-03-28T22:29:21.862737540Z" level=info msg="Container to stop \"d8ed4b42daa0307198b23e3bb649225330f8e31211e01b36a90600fe7393ec8b\" must be in running or unknown state, current state \"CONTAINER_EXITED\""
Mar 28 22:29:21 k8s-node-master containerd[1936]: time="2025-03-28T22:29:21.896273629Z" level=info msg="received exit event container_id:\"7cbe6ee6e066e4e9ca0b98365861062a922bfa56e35cf0e7cf5fca4ba1610193\"  id:\"7cbe6ee6e066e4e9ca0b98365861062a922bfa56e35cf0e7cf5fca4ba1610193\"  pid:6617  exit_status:137  exited_at:{seconds:1743200961  nanos:895949432}"
Mar 28 22:29:21 k8s-node-master containerd[1936]: time="2025-03-28T22:29:21.919751996Z" level=info msg="shim disconnected" id=7cbe6ee6e066e4e9ca0b98365861062a922bfa56e35cf0e7cf5fca4ba1610193 namespace=k8s.io
Mar 28 22:29:21 k8s-node-master containerd[1936]: time="2025-03-28T22:29:21.919827703Z" level=warning msg="cleaning up after shim disconnected" id=7cbe6ee6e066e4e9ca0b98365861062a922bfa56e35cf0e7cf5fca4ba1610193 namespace=k8s.io
Mar 28 22:29:21 k8s-node-master containerd[1936]: time="2025-03-28T22:29:21.919843864Z" level=info msg="cleaning up dead shim" namespace=k8s.io
Mar 28 22:29:21 k8s-node-master containerd[1936]: time="2025-03-28T22:29:21.933917452Z" level=info msg="TearDown network for sandbox \"7cbe6ee6e066e4e9ca0b98365861062a922bfa56e35cf0e7cf5fca4ba1610193\" successfully"
Mar 28 22:29:21 k8s-node-master containerd[1936]: time="2025-03-28T22:29:21.933951758Z" level=info msg="StopPodSandbox for \"7cbe6ee6e066e4e9ca0b98365861062a922bfa56e35cf0e7cf5fca4ba1610193\" returns successfully"
Mar 28 22:29:21 k8s-node-master containerd[1936]: time="2025-03-28T22:29:21.934716889Z" level=info msg="StopPodSandbox for \"697a715d44451e7397dc2a16c6e493ebfc8b31b5f4a630d8aab173c2b12a8280\""
Mar 28 22:29:21 k8s-node-master containerd[1936]: time="2025-03-28T22:29:21.934848574Z" level=info msg="Container to stop \"fb81a627a16b407d74c245bbae8c195089921e4dc0a540972992344b8d12a51a\" must be in running or unknown state, current state \"CONTAINER_EXITED\""
Mar 28 22:29:21 k8s-node-master containerd[1936]: time="2025-03-28T22:29:21.935028843Z" level=info msg="TearDown network for sandbox \"697a715d44451e7397dc2a16c6e493ebfc8b31b5f4a630d8aab173c2b12a8280\" successfully"
Mar 28 22:29:21 k8s-node-master containerd[1936]: time="2025-03-28T22:29:21.935113487Z" level=info msg="StopPodSandbox for \"697a715d44451e7397dc2a16c6e493ebfc8b31b5f4a630d8aab173c2b12a8280\" returns successfully"
Mar 28 22:29:22 k8s-node-master containerd[1936]: time="2025-03-28T22:29:22.206887799Z" level=info msg="StopPodSandbox for \"7cbe6ee6e066e4e9ca0b98365861062a922bfa56e35cf0e7cf5fca4ba1610193\""
Mar 28 22:29:22 k8s-node-master containerd[1936]: time="2025-03-28T22:29:22.206922426Z" level=info msg="Container to stop \"d8ed4b42daa0307198b23e3bb649225330f8e31211e01b36a90600fe7393ec8b\" must be in running or unknown state, current state \"CONTAINER_EXITED\""
Mar 28 22:29:22 k8s-node-master containerd[1936]: time="2025-03-28T22:29:22.207010376Z" level=info msg="TearDown network for sandbox \"7cbe6ee6e066e4e9ca0b98365861062a922bfa56e35cf0e7cf5fca4ba1610193\" successfully"
Mar 28 22:29:22 k8s-node-master containerd[1936]: time="2025-03-28T22:29:22.207020396Z" level=info msg="StopPodSandbox for \"7cbe6ee6e066e4e9ca0b98365861062a922bfa56e35cf0e7cf5fca4ba1610193\" returns successfully"
Mar 28 22:29:22 k8s-node-master containerd[1936]: time="2025-03-28T22:29:22.207495746Z" level=info msg="StopPodSandbox for \"697a715d44451e7397dc2a16c6e493ebfc8b31b5f4a630d8aab173c2b12a8280\""
Mar 28 22:29:22 k8s-node-master containerd[1936]: time="2025-03-28T22:29:22.207540423Z" level=info msg="Container to stop \"fb81a627a16b407d74c245bbae8c195089921e4dc0a540972992344b8d12a51a\" must be in running or unknown state, current state \"CONTAINER_EXITED\""
Mar 28 22:29:22 k8s-node-master containerd[1936]: time="2025-03-28T22:29:22.207599627Z" level=info msg="TearDown network for sandbox \"697a715d44451e7397dc2a16c6e493ebfc8b31b5f4a630d8aab173c2b12a8280\" successfully"
Mar 28 22:29:22 k8s-node-master containerd[1936]: time="2025-03-28T22:29:22.207608455Z" level=info msg="StopPodSandbox for \"697a715d44451e7397dc2a16c6e493ebfc8b31b5f4a630d8aab173c2b12a8280\" returns successfully"
Mar 28 22:29:22 k8s-node-master containerd[1936]: time="2025-03-28T22:29:22.208330793Z" level=info msg="RunPodSandbox for &PodSandboxMetadata{Name:kube-proxy-lq5fq,Uid:96ca68be-ce85-484a-9975-86e0d3c27eaf,Namespace:kube-system,Attempt:6,}"
Mar 28 22:29:22 k8s-node-master containerd[1936]: time="2025-03-28T22:29:22.208784451Z" level=info msg="RemoveContainer for \"fb81a627a16b407d74c245bbae8c195089921e4dc0a540972992344b8d12a51a\""
Mar 28 22:29:22 k8s-node-master containerd[1936]: time="2025-03-28T22:29:22.215914595Z" level=info msg="RemoveContainer for \"fb81a627a16b407d74c245bbae8c195089921e4dc0a540972992344b8d12a51a\" returns successfully"
Mar 28 22:29:22 k8s-node-master containerd[1936]: time="2025-03-28T22:29:22.233066322Z" level=info msg="loading plugin \"io.containerd.event.v1.publisher\"..." runtime=io.containerd.runc.v2 type=io.containerd.event.v1
Mar 28 22:29:22 k8s-node-master containerd[1936]: time="2025-03-28T22:29:22.233199560Z" level=info msg="loading plugin \"io.containerd.internal.v1.shutdown\"..." runtime=io.containerd.runc.v2 type=io.containerd.internal.v1
Mar 28 22:29:22 k8s-node-master containerd[1936]: time="2025-03-28T22:29:22.233229067Z" level=info msg="loading plugin \"io.containerd.ttrpc.v1.task\"..." runtime=io.containerd.runc.v2 type=io.containerd.ttrpc.v1
Mar 28 22:29:22 k8s-node-master containerd[1936]: time="2025-03-28T22:29:22.233402933Z" level=info msg="loading plugin \"io.containerd.ttrpc.v1.pause\"..." runtime=io.containerd.runc.v2 type=io.containerd.ttrpc.v1
Mar 28 22:29:22 k8s-node-master containerd[1936]: time="2025-03-28T22:29:22.264802164Z" level=info msg="RunPodSandbox for &PodSandboxMetadata{Name:kube-proxy-lq5fq,Uid:96ca68be-ce85-484a-9975-86e0d3c27eaf,Namespace:kube-system,Attempt:6,} returns sandbox id \"9e86e61c7f0095ae47e8cbd9ee46777008750685a156656f711d7376b86cb73b\""
Mar 28 22:29:23 k8s-node-master containerd[1936]: time="2025-03-28T22:29:23.820990522Z" level=info msg="CreateContainer within sandbox \"b0a1dd6e0bfe493927769e1a489edd9f7658d6bb236f2831fe9c06e156978c80\" for container &ContainerMetadata{Name:kube-controller-manager,Attempt:5,}"
Mar 28 22:29:23 k8s-node-master containerd[1936]: time="2025-03-28T22:29:23.836897798Z" level=info msg="CreateContainer within sandbox \"b0a1dd6e0bfe493927769e1a489edd9f7658d6bb236f2831fe9c06e156978c80\" for &ContainerMetadata{Name:kube-controller-manager,Attempt:5,} returns container id \"8712e75fc7507545e7033e3a4e87f5e116e679b765b8016a7f82c351462896e6\""
Mar 28 22:29:23 k8s-node-master containerd[1936]: time="2025-03-28T22:29:23.837976166Z" level=info msg="StartContainer for \"8712e75fc7507545e7033e3a4e87f5e116e679b765b8016a7f82c351462896e6\""
Mar 28 22:29:23 k8s-node-master containerd[1936]: time="2025-03-28T22:29:23.900433804Z" level=info msg="StartContainer for \"8712e75fc7507545e7033e3a4e87f5e116e679b765b8016a7f82c351462896e6\" returns successfully"
Mar 28 22:30:00 k8s-node-master containerd[1936]: time="2025-03-28T22:30:00.884443811Z" level=info msg="StopPodSandbox for \"697a715d44451e7397dc2a16c6e493ebfc8b31b5f4a630d8aab173c2b12a8280\""
Mar 28 22:30:00 k8s-node-master containerd[1936]: time="2025-03-28T22:30:00.884536961Z" level=info msg="TearDown network for sandbox \"697a715d44451e7397dc2a16c6e493ebfc8b31b5f4a630d8aab173c2b12a8280\" successfully"
Mar 28 22:30:00 k8s-node-master containerd[1936]: time="2025-03-28T22:30:00.884575616Z" level=info msg="StopPodSandbox for \"697a715d44451e7397dc2a16c6e493ebfc8b31b5f4a630d8aab173c2b12a8280\" returns successfully"
Mar 28 22:30:00 k8s-node-master containerd[1936]: time="2025-03-28T22:30:00.884782286Z" level=info msg="RemovePodSandbox for \"697a715d44451e7397dc2a16c6e493ebfc8b31b5f4a630d8aab173c2b12a8280\""
Mar 28 22:30:00 k8s-node-master containerd[1936]: time="2025-03-28T22:30:00.884819719Z" level=info msg="Forcibly stopping sandbox \"697a715d44451e7397dc2a16c6e493ebfc8b31b5f4a630d8aab173c2b12a8280\""
Mar 28 22:30:00 k8s-node-master containerd[1936]: time="2025-03-28T22:30:00.884865256Z" level=info msg="TearDown network for sandbox \"697a715d44451e7397dc2a16c6e493ebfc8b31b5f4a630d8aab173c2b12a8280\" successfully"
Mar 28 22:30:00 k8s-node-master containerd[1936]: time="2025-03-28T22:30:00.888099102Z" level=warning msg="Failed to get podSandbox status for container event for sandboxID \"697a715d44451e7397dc2a16c6e493ebfc8b31b5f4a630d8aab173c2b12a8280\": an error occurred when try to find sandbox: not found. Sending the event with nil podSandboxStatus."
Mar 28 22:30:00 k8s-node-master containerd[1936]: time="2025-03-28T22:30:00.888134150Z" level=info msg="RemovePodSandbox \"697a715d44451e7397dc2a16c6e493ebfc8b31b5f4a630d8aab173c2b12a8280\" returns successfully"
