I0328 21:21:59.480956       1 options.go:238] external host was not specified, using 192.168.122.139
I0328 21:21:59.483755       1 server.go:147] Version: v1.32.3
I0328 21:21:59.483777       1 server.go:149] "Golang settings" GOGC="" GOMAXPROCS="" GOTRACEBACK=""
I0328 21:22:00.046346       1 shared_informer.go:313] Waiting for caches to sync for node_authorizer
I0328 21:22:00.052492       1 shared_informer.go:313] Waiting for caches to sync for *generic.policySource[*k8s.io/api/admissionregistration/v1.ValidatingAdmissionPolicy,*k8s.io/api/admissionregistration/v1.ValidatingAdmissionPolicyBinding,k8s.io/apiserver/pkg/admission/plugin/policy/validating.Validator]
I0328 21:22:00.056826       1 plugins.go:157] Loaded 13 mutating admission controller(s) successfully in the following order: NamespaceLifecycle,LimitRanger,ServiceAccount,NodeRestriction,TaintNodesByCondition,Priority,DefaultTolerationSeconds,DefaultStorageClass,StorageObjectInUseProtection,RuntimeClass,DefaultIngressClass,MutatingAdmissionPolicy,MutatingAdmissionWebhook.
I0328 21:22:00.056864       1 plugins.go:160] Loaded 13 validating admission controller(s) successfully in the following order: LimitRanger,ServiceAccount,PodSecurity,Priority,PersistentVolumeClaimResize,RuntimeClass,CertificateApproval,CertificateSigning,ClusterTrustBundleAttest,CertificateSubjectRestriction,ValidatingAdmissionPolicy,ValidatingAdmissionWebhook,ResourceQuota.
I0328 21:22:00.057068       1 instance.go:233] Using reconciler: lease
I0328 21:22:00.076616       1 handler.go:286] Adding GroupVersion apiextensions.k8s.io v1 to ResourceManager
W0328 21:22:00.076631       1 genericapiserver.go:767] Skipping API apiextensions.k8s.io/v1beta1 because it has no resources.
I0328 21:22:00.184702       1 handler.go:286] Adding GroupVersion  v1 to ResourceManager
I0328 21:22:00.185085       1 apis.go:106] API group "internal.apiserver.k8s.io" is not enabled, skipping.
I0328 21:22:00.287919       1 apis.go:106] API group "storagemigration.k8s.io" is not enabled, skipping.
I0328 21:22:00.347649       1 apis.go:106] API group "resource.k8s.io" is not enabled, skipping.
I0328 21:22:00.361708       1 handler.go:286] Adding GroupVersion authentication.k8s.io v1 to ResourceManager
W0328 21:22:00.361729       1 genericapiserver.go:767] Skipping API authentication.k8s.io/v1beta1 because it has no resources.
W0328 21:22:00.361734       1 genericapiserver.go:767] Skipping API authentication.k8s.io/v1alpha1 because it has no resources.
I0328 21:22:00.362127       1 handler.go:286] Adding GroupVersion authorization.k8s.io v1 to ResourceManager
W0328 21:22:00.362137       1 genericapiserver.go:767] Skipping API authorization.k8s.io/v1beta1 because it has no resources.
I0328 21:22:00.362643       1 handler.go:286] Adding GroupVersion autoscaling v2 to ResourceManager
I0328 21:22:00.363129       1 handler.go:286] Adding GroupVersion autoscaling v1 to ResourceManager
W0328 21:22:00.363139       1 genericapiserver.go:767] Skipping API autoscaling/v2beta1 because it has no resources.
W0328 21:22:00.363142       1 genericapiserver.go:767] Skipping API autoscaling/v2beta2 because it has no resources.
I0328 21:22:00.363930       1 handler.go:286] Adding GroupVersion batch v1 to ResourceManager
W0328 21:22:00.363940       1 genericapiserver.go:767] Skipping API batch/v1beta1 because it has no resources.
I0328 21:22:00.364510       1 handler.go:286] Adding GroupVersion certificates.k8s.io v1 to ResourceManager
W0328 21:22:00.364521       1 genericapiserver.go:767] Skipping API certificates.k8s.io/v1beta1 because it has no resources.
W0328 21:22:00.364524       1 genericapiserver.go:767] Skipping API certificates.k8s.io/v1alpha1 because it has no resources.
I0328 21:22:00.364890       1 handler.go:286] Adding GroupVersion coordination.k8s.io v1 to ResourceManager
W0328 21:22:00.364900       1 genericapiserver.go:767] Skipping API coordination.k8s.io/v1beta1 because it has no resources.
W0328 21:22:00.364903       1 genericapiserver.go:767] Skipping API coordination.k8s.io/v1alpha2 because it has no resources.
I0328 21:22:00.365277       1 handler.go:286] Adding GroupVersion discovery.k8s.io v1 to ResourceManager
W0328 21:22:00.365288       1 genericapiserver.go:767] Skipping API discovery.k8s.io/v1beta1 because it has no resources.
I0328 21:22:00.366216       1 handler.go:286] Adding GroupVersion networking.k8s.io v1 to ResourceManager
W0328 21:22:00.366226       1 genericapiserver.go:767] Skipping API networking.k8s.io/v1beta1 because it has no resources.
W0328 21:22:00.366229       1 genericapiserver.go:767] Skipping API networking.k8s.io/v1alpha1 because it has no resources.
I0328 21:22:00.366541       1 handler.go:286] Adding GroupVersion node.k8s.io v1 to ResourceManager
W0328 21:22:00.366551       1 genericapiserver.go:767] Skipping API node.k8s.io/v1beta1 because it has no resources.
W0328 21:22:00.366554       1 genericapiserver.go:767] Skipping API node.k8s.io/v1alpha1 because it has no resources.
I0328 21:22:00.367052       1 handler.go:286] Adding GroupVersion policy v1 to ResourceManager
W0328 21:22:00.367062       1 genericapiserver.go:767] Skipping API policy/v1beta1 because it has no resources.
I0328 21:22:00.368120       1 handler.go:286] Adding GroupVersion rbac.authorization.k8s.io v1 to ResourceManager
W0328 21:22:00.368130       1 genericapiserver.go:767] Skipping API rbac.authorization.k8s.io/v1beta1 because it has no resources.
W0328 21:22:00.368133       1 genericapiserver.go:767] Skipping API rbac.authorization.k8s.io/v1alpha1 because it has no resources.
I0328 21:22:00.368462       1 handler.go:286] Adding GroupVersion scheduling.k8s.io v1 to ResourceManager
W0328 21:22:00.368473       1 genericapiserver.go:767] Skipping API scheduling.k8s.io/v1beta1 because it has no resources.
W0328 21:22:00.368476       1 genericapiserver.go:767] Skipping API scheduling.k8s.io/v1alpha1 because it has no resources.
I0328 21:22:00.369639       1 handler.go:286] Adding GroupVersion storage.k8s.io v1 to ResourceManager
W0328 21:22:00.369650       1 genericapiserver.go:767] Skipping API storage.k8s.io/v1beta1 because it has no resources.
W0328 21:22:00.369653       1 genericapiserver.go:767] Skipping API storage.k8s.io/v1alpha1 because it has no resources.
I0328 21:22:00.370383       1 handler.go:286] Adding GroupVersion flowcontrol.apiserver.k8s.io v1 to ResourceManager
W0328 21:22:00.370393       1 genericapiserver.go:767] Skipping API flowcontrol.apiserver.k8s.io/v1beta3 because it has no resources.
W0328 21:22:00.370396       1 genericapiserver.go:767] Skipping API flowcontrol.apiserver.k8s.io/v1beta2 because it has no resources.
W0328 21:22:00.370398       1 genericapiserver.go:767] Skipping API flowcontrol.apiserver.k8s.io/v1beta1 because it has no resources.
I0328 21:22:00.372611       1 handler.go:286] Adding GroupVersion apps v1 to ResourceManager
W0328 21:22:00.372621       1 genericapiserver.go:767] Skipping API apps/v1beta2 because it has no resources.
W0328 21:22:00.372625       1 genericapiserver.go:767] Skipping API apps/v1beta1 because it has no resources.
I0328 21:22:00.374016       1 handler.go:286] Adding GroupVersion admissionregistration.k8s.io v1 to ResourceManager
W0328 21:22:00.374035       1 genericapiserver.go:767] Skipping API admissionregistration.k8s.io/v1beta1 because it has no resources.
W0328 21:22:00.374038       1 genericapiserver.go:767] Skipping API admissionregistration.k8s.io/v1alpha1 because it has no resources.
I0328 21:22:00.374496       1 handler.go:286] Adding GroupVersion events.k8s.io v1 to ResourceManager
W0328 21:22:00.374505       1 genericapiserver.go:767] Skipping API events.k8s.io/v1beta1 because it has no resources.
I0328 21:22:00.381857       1 handler.go:286] Adding GroupVersion apiregistration.k8s.io v1 to ResourceManager
W0328 21:22:00.382014       1 genericapiserver.go:767] Skipping API apiregistration.k8s.io/v1beta1 because it has no resources.
I0328 21:22:00.637041       1 dynamic_cafile_content.go:161] "Starting controller" name="request-header::/etc/kubernetes/pki/front-proxy-ca.crt"
I0328 21:22:00.637122       1 dynamic_serving_content.go:135] "Starting controller" name="serving-cert::/etc/kubernetes/pki/apiserver.crt::/etc/kubernetes/pki/apiserver.key"
I0328 21:22:00.637047       1 dynamic_cafile_content.go:161] "Starting controller" name="client-ca-bundle::/etc/kubernetes/pki/ca.crt"
I0328 21:22:00.637343       1 secure_serving.go:213] Serving securely on [::]:6443
I0328 21:22:00.637416       1 tlsconfig.go:243] "Starting DynamicServingCertificateController"
I0328 21:22:00.657502       1 gc_controller.go:78] Starting apiserver lease garbage collector
I0328 21:22:00.657549       1 dynamic_serving_content.go:135] "Starting controller" name="aggregator-proxy-cert::/etc/kubernetes/pki/front-proxy-client.crt::/etc/kubernetes/pki/front-proxy-client.key"
I0328 21:22:00.660238       1 controller.go:78] Starting OpenAPI AggregationController
I0328 21:22:00.660321       1 apiservice_controller.go:100] Starting APIServiceRegistrationController
I0328 21:22:00.660359       1 cache.go:32] Waiting for caches to sync for APIServiceRegistrationController controller
I0328 21:22:00.660544       1 customresource_discovery_controller.go:292] Starting DiscoveryController
I0328 21:22:00.660605       1 apf_controller.go:377] Starting API Priority and Fairness config controller
I0328 21:22:00.660664       1 system_namespaces_controller.go:66] Starting system namespaces controller
I0328 21:22:00.661132       1 aggregator.go:169] waiting for initial CRD sync...
I0328 21:22:00.661744       1 controller.go:142] Starting OpenAPI controller
I0328 21:22:00.661783       1 controller.go:90] Starting OpenAPI V3 controller
I0328 21:22:00.661811       1 naming_controller.go:294] Starting NamingConditionController
I0328 21:22:00.661834       1 establishing_controller.go:81] Starting EstablishingController
I0328 21:22:00.661856       1 nonstructuralschema_controller.go:195] Starting NonStructuralSchemaConditionController
I0328 21:22:00.661878       1 apiapproval_controller.go:189] Starting KubernetesAPIApprovalPolicyConformantConditionController
I0328 21:22:00.661901       1 crd_finalizer.go:269] Starting CRDFinalizer
I0328 21:22:00.664137       1 cluster_authentication_trust_controller.go:462] Starting cluster_authentication_trust_controller controller
I0328 21:22:00.664147       1 shared_informer.go:313] Waiting for caches to sync for cluster_authentication_trust_controller
I0328 21:22:00.664161       1 remote_available_controller.go:411] Starting RemoteAvailability controller
I0328 21:22:00.664164       1 cache.go:32] Waiting for caches to sync for RemoteAvailability controller
I0328 21:22:00.664353       1 local_available_controller.go:156] Starting LocalAvailability controller
I0328 21:22:00.664373       1 cache.go:32] Waiting for caches to sync for LocalAvailability controller
I0328 21:22:00.664463       1 controller.go:119] Starting legacy_token_tracking_controller
I0328 21:22:00.664467       1 shared_informer.go:313] Waiting for caches to sync for configmaps
I0328 21:22:00.664480       1 controller.go:80] Starting OpenAPI V3 AggregationController
I0328 21:22:00.664549       1 dynamic_cafile_content.go:161] "Starting controller" name="client-ca-bundle::/etc/kubernetes/pki/ca.crt"
I0328 21:22:00.664614       1 dynamic_cafile_content.go:161] "Starting controller" name="request-header::/etc/kubernetes/pki/front-proxy-ca.crt"
I0328 21:22:00.667001       1 crdregistration_controller.go:114] Starting crd-autoregister controller
I0328 21:22:00.667032       1 shared_informer.go:313] Waiting for caches to sync for crd-autoregister
I0328 21:22:00.747393       1 shared_informer.go:320] Caches are synced for node_authorizer
I0328 21:22:00.753708       1 shared_informer.go:320] Caches are synced for *generic.policySource[*k8s.io/api/admissionregistration/v1.ValidatingAdmissionPolicy,*k8s.io/api/admissionregistration/v1.ValidatingAdmissionPolicyBinding,k8s.io/apiserver/pkg/admission/plugin/policy/validating.Validator]
I0328 21:22:00.753812       1 policy_source.go:240] refreshing policies
I0328 21:22:00.761294       1 apf_controller.go:382] Running API Priority and Fairness config worker
I0328 21:22:00.761304       1 apf_controller.go:385] Running API Priority and Fairness periodic rebalancing process
I0328 21:22:00.761396       1 cache.go:39] Caches are synced for APIServiceRegistrationController controller
I0328 21:22:00.764249       1 cache.go:39] Caches are synced for RemoteAvailability controller
I0328 21:22:00.764362       1 shared_informer.go:320] Caches are synced for cluster_authentication_trust_controller
I0328 21:22:00.764386       1 cache.go:39] Caches are synced for LocalAvailability controller
I0328 21:22:00.764517       1 shared_informer.go:320] Caches are synced for configmaps
I0328 21:22:00.765342       1 handler_discovery.go:451] Starting ResourceDiscoveryManager
I0328 21:22:00.768047       1 shared_informer.go:320] Caches are synced for crd-autoregister
I0328 21:22:00.768083       1 aggregator.go:171] initial CRD sync complete...
I0328 21:22:00.768092       1 autoregister_controller.go:144] Starting autoregister controller
I0328 21:22:00.768101       1 cache.go:32] Waiting for caches to sync for autoregister controller
I0328 21:22:00.768109       1 cache.go:39] Caches are synced for autoregister controller
I0328 21:22:00.783885       1 controller.go:615] quota admission added evaluator for: leases.coordination.k8s.io
I0328 21:22:01.666446       1 storage_scheduling.go:111] all system priority classes are created successfully or already exist.
W0328 21:22:01.870538       1 lease.go:265] Resetting endpoints for master service "kubernetes" to [192.168.122.139]
I0328 21:22:01.871648       1 controller.go:615] quota admission added evaluator for: endpoints
I0328 21:22:01.874902       1 controller.go:615] quota admission added evaluator for: endpointslices.discovery.k8s.io
I0328 21:22:07.326701       1 controller.go:615] quota admission added evaluator for: serviceaccounts
I0328 21:22:08.463100       1 controller.go:128] Shutting down kubernetes service endpoint reconciler
W0328 21:22:08.466668       1 lease.go:265] Resetting endpoints for master service "kubernetes" to []
I0328 21:22:08.473747       1 dynamic_cafile_content.go:175] "Shutting down controller" name="request-header::/etc/kubernetes/pki/front-proxy-ca.crt"
I0328 21:22:08.473783       1 controller.go:157] Shutting down quota evaluator
I0328 21:22:08.473801       1 controller.go:176] quota evaluator worker shutdown
I0328 21:22:08.473874       1 autoregister_controller.go:168] Shutting down autoregister controller
I0328 21:22:08.473891       1 crdregistration_controller.go:145] Shutting down crd-autoregister controller
I0328 21:22:08.473912       1 apiservice_controller.go:134] Shutting down APIServiceRegistrationController
I0328 21:22:08.473922       1 controller.go:132] Ending legacy_token_tracking_controller
I0328 21:22:08.473926       1 controller.go:133] Shutting down legacy_token_tracking_controller
I0328 21:22:08.473936       1 local_available_controller.go:172] Shutting down LocalAvailability controller
I0328 21:22:08.473948       1 cluster_authentication_trust_controller.go:485] Shutting down cluster_authentication_trust_controller controller
I0328 21:22:08.473958       1 controller.go:176] quota evaluator worker shutdown
I0328 21:22:08.473959       1 remote_available_controller.go:427] Shutting down RemoteAvailability controller
I0328 21:22:08.473971       1 apiapproval_controller.go:201] Shutting down KubernetesAPIApprovalPolicyConformantConditionController
I0328 21:22:08.473975       1 controller.go:176] quota evaluator worker shutdown
I0328 21:22:08.473979       1 controller.go:176] quota evaluator worker shutdown
I0328 21:22:08.473984       1 controller.go:176] quota evaluator worker shutdown
I0328 21:22:08.473984       1 controller.go:120] Shutting down OpenAPI V3 controller
I0328 21:22:08.473989       1 nonstructuralschema_controller.go:207] Shutting down NonStructuralSchemaConditionController
I0328 21:22:08.474000       1 controller.go:170] Shutting down OpenAPI controller
I0328 21:22:08.474025       1 establishing_controller.go:92] Shutting down EstablishingController
I0328 21:22:08.474034       1 naming_controller.go:305] Shutting down NamingConditionController
I0328 21:22:08.474055       1 customresource_discovery_controller.go:328] Shutting down DiscoveryController
I0328 21:22:08.474067       1 system_namespaces_controller.go:76] Shutting down system namespaces controller
I0328 21:22:08.474074       1 apf_controller.go:389] Shutting down API Priority and Fairness config worker
I0328 21:22:08.474087       1 storage_flowcontrol.go:172] APF bootstrap ensurer is exiting
I0328 21:22:08.474098       1 gc_controller.go:91] Shutting down apiserver lease garbage collector
I0328 21:22:08.473965       1 crd_finalizer.go:281] Shutting down CRDFinalizer
I0328 21:22:08.474286       1 dynamic_cafile_content.go:175] "Shutting down controller" name="request-header::/etc/kubernetes/pki/front-proxy-ca.crt"
I0328 21:22:08.474343       1 dynamic_cafile_content.go:175] "Shutting down controller" name="client-ca-bundle::/etc/kubernetes/pki/ca.crt"
I0328 21:22:08.474354       1 controller.go:86] Shutting down OpenAPI V3 AggregationController
I0328 21:22:08.474367       1 object_count_tracker.go:151] "StorageObjectCountTracker pruner is exiting"
I0328 21:22:08.474384       1 controller.go:84] Shutting down OpenAPI AggregationController
I0328 21:22:08.474788       1 dynamic_serving_content.go:149] "Shutting down controller" name="aggregator-proxy-cert::/etc/kubernetes/pki/front-proxy-client.crt::/etc/kubernetes/pki/front-proxy-client.key"
I0328 21:22:08.474827       1 secure_serving.go:258] Stopped listening on [::]:6443
I0328 21:22:08.474838       1 tlsconfig.go:258] "Shutting down DynamicServingCertificateController"
I0328 21:22:08.475546       1 dynamic_cafile_content.go:175] "Shutting down controller" name="client-ca-bundle::/etc/kubernetes/pki/ca.crt"
I0328 21:22:08.475821       1 dynamic_serving_content.go:149] "Shutting down controller" name="serving-cert::/etc/kubernetes/pki/apiserver.crt::/etc/kubernetes/pki/apiserver.key"
